2025-01-13 12:11:05,965 [Worker-1: Loading available Gradle versions] INFO  o.e.b.c.i.u.g.PublishedGradleVersions - Gradle version information cache is not available. Remote download required.
2025-01-13 12:11:45,585 [Worker-7: Importing Maven projects] INFO  o.e.m.c.i.l.LifecycleMappingFactory - Using org.eclipse.m2e.jdt.JarLifecycleMapping lifecycle mapping for MavenProject: com.controleDeEstoque:ControleDeEstoque:0.0.1-SNAPSHOT @ C:\Users\isabe\Documents\CRUD-CONTROLE-DE-ESTOQUE\ControleDeEstoque\ControleDeEstoque\pom.xml.
2025-01-13 12:11:46,448 [Worker-7: Importing Maven projects] INFO  o.e.m.j.i.AbstractJavaProjectConfigurator - Adding source folder /ControleDeEstoque/src/main/java
2025-01-13 12:11:46,449 [Worker-7: Importing Maven projects] INFO  o.e.m.j.i.AbstractJavaProjectConfigurator - Adding resource folder /ControleDeEstoque/src/main/resources
2025-01-13 12:11:46,452 [Worker-7: Importing Maven projects] INFO  o.e.m.j.i.AbstractJavaProjectConfigurator - Adding resource folder /ControleDeEstoque/src/main/resources
2025-01-13 12:11:46,455 [Worker-7: Importing Maven projects] INFO  o.e.m.j.i.AbstractJavaProjectConfigurator - Adding source folder /ControleDeEstoque/src/test/java
2025-01-13 12:11:46,456 [Worker-7: Importing Maven projects] INFO  o.e.m.j.i.AbstractJavaProjectConfigurator - Adding resource folder /ControleDeEstoque/src/test/resources
2025-01-13 12:11:46,903 [Worker-7: Importing Maven projects] INFO  o.e.m.c.i.p.ProjectConfigurationManager - Imported and configured 1 project(s) in 2 sec
2025-01-13 12:11:47,870 [Worker-1: Building] INFO  o.a.m.s.f.DefaultMavenResourcesFiltering - Copying 1 resource from src\main\resources to target\classes
2025-01-13 12:11:47,884 [Worker-1: Building] INFO  o.a.m.s.f.DefaultMavenResourcesFiltering - Copying 0 resource from src\main\resources to target\classes
2025-01-13 12:11:47,888 [Worker-1: Building] INFO  o.a.m.s.f.DefaultMavenResourcesFiltering - skip non existing resourceDirectory C:\Users\isabe\Documents\CRUD-CONTROLE-DE-ESTOQUE\ControleDeEstoque\ControleDeEstoque\src\test\resources
2025-01-13 12:12:13,790 [Worker-0: Building] INFO  o.a.m.s.f.DefaultMavenResourcesFiltering - Copying 1 resource from src\main\resources to target\classes
2025-01-13 12:12:13,801 [Worker-0: Building] INFO  o.a.m.s.f.DefaultMavenResourcesFiltering - Copying 0 resource from src\main\resources to target\classes
2025-01-13 12:12:13,804 [Worker-0: Building] INFO  o.a.m.s.f.DefaultMavenResourcesFiltering - skip non existing resourceDirectory C:\Users\isabe\Documents\CRUD-CONTROLE-DE-ESTOQUE\ControleDeEstoque\ControleDeEstoque\src\test\resources
2025-01-13 12:12:28,689 [Worker-7: Building] INFO  o.a.m.s.f.DefaultMavenResourcesFiltering - Copying 1 resource from src\main\resources to target\classes
2025-01-13 12:12:28,694 [Worker-7: Building] INFO  o.a.m.s.f.DefaultMavenResourcesFiltering - Copying 0 resource from src\main\resources to target\classes
2025-01-13 12:12:28,697 [Worker-7: Building] INFO  o.a.m.s.f.DefaultMavenResourcesFiltering - skip non existing resourceDirectory C:\Users\isabe\Documents\CRUD-CONTROLE-DE-ESTOQUE\ControleDeEstoque\ControleDeEstoque\src\test\resources
2025-01-13 12:13:39,521 [Worker-2: Building] INFO  o.a.m.s.f.DefaultMavenResourcesFiltering - Copying 1 resource from src\main\resources to target\classes
2025-01-13 12:13:39,529 [Worker-2: Building] INFO  o.a.m.s.f.DefaultMavenResourcesFiltering - Copying 0 resource from src\main\resources to target\classes
2025-01-13 12:13:39,531 [Worker-2: Building] INFO  o.a.m.s.f.DefaultMavenResourcesFiltering - skip non existing resourceDirectory C:\Users\isabe\Documents\CRUD-CONTROLE-DE-ESTOQUE\ControleDeEstoque\ControleDeEstoque\src\test\resources
2025-01-13 12:13:48,307 [Start Help Server] INFO  org.eclipse.jetty.server.Server - jetty-12.0.15; built: 2024-11-05T19:44:57.623Z; git: 8281ae9740d4b4225e8166cc476bad237c70213a; jvm 21.0.5+11-LTS
2025-01-13 12:13:48,356 [Start Help Server] INFO  o.e.j.server.handler.ContextHandler - Started oeje8n.ContextHandler$CoreContextHandler@7568ab3c{/help,/help,b=null,a=AVAILABLE,h=oeje8n.ContextHandler$CoreContextHandler$CoreToNestedHandler@41b99e04{STARTED}}
2025-01-13 12:13:48,357 [Start Help Server] INFO  o.e.j.s.DefaultSessionIdManager - Session workerName=node0
2025-01-13 12:13:48,374 [Start Help Server] INFO  o.e.jetty.server.AbstractConnector - Started ServerConnector@5e6da56d{HTTP/1.1, (http/1.1)}{127.0.0.1:63945}
2025-01-13 12:13:48,378 [Start Help Server] INFO  org.eclipse.jetty.server.Server - Started oejs.Server@1ecc4c99{STARTING}[12.0.15,sto=0] @185230ms
2025-01-13 12:14:15,486 [Worker-1: Building] INFO  o.a.m.s.f.DefaultMavenResourcesFiltering - Copying 1 resource from src\main\resources to target\classes
2025-01-13 12:14:15,500 [Worker-1: Building] INFO  o.a.m.s.f.DefaultMavenResourcesFiltering - Copying 0 resource from src\main\resources to target\classes
2025-01-13 12:14:15,504 [Worker-1: Building] INFO  o.a.m.s.f.DefaultMavenResourcesFiltering - skip non existing resourceDirectory C:\Users\isabe\Documents\CRUD-CONTROLE-DE-ESTOQUE\ControleDeEstoque\ControleDeEstoque\src\test\resources
2025-01-13 12:15:39,971 [Worker-1: Building] INFO  o.a.m.s.f.DefaultMavenResourcesFiltering - Copying 1 resource from src\main\resources to target\classes
2025-01-13 12:15:39,978 [Worker-1: Building] INFO  o.a.m.s.f.DefaultMavenResourcesFiltering - Copying 0 resource from src\main\resources to target\classes
2025-01-13 12:15:39,981 [Worker-1: Building] INFO  o.a.m.s.f.DefaultMavenResourcesFiltering - skip non existing resourceDirectory C:\Users\isabe\Documents\CRUD-CONTROLE-DE-ESTOQUE\ControleDeEstoque\ControleDeEstoque\src\test\resources
2025-01-13 12:15:52,899 [Worker-3: Building] INFO  o.a.m.s.f.DefaultMavenResourcesFiltering - Copying 1 resource from src\main\resources to target\classes
2025-01-13 12:15:52,912 [Worker-3: Building] INFO  o.a.m.s.f.DefaultMavenResourcesFiltering - Copying 0 resource from src\main\resources to target\classes
2025-01-13 12:15:52,914 [Worker-3: Building] INFO  o.a.m.s.f.DefaultMavenResourcesFiltering - skip non existing resourceDirectory C:\Users\isabe\Documents\CRUD-CONTROLE-DE-ESTOQUE\ControleDeEstoque\ControleDeEstoque\src\test\resources
2025-01-13 12:16:06,670 [Worker-10: Building] INFO  o.a.m.s.f.DefaultMavenResourcesFiltering - Copying 1 resource from src\main\resources to target\classes
2025-01-13 12:16:06,675 [Worker-10: Building] INFO  o.a.m.s.f.DefaultMavenResourcesFiltering - Copying 0 resource from src\main\resources to target\classes
2025-01-13 12:16:06,678 [Worker-10: Building] INFO  o.a.m.s.f.DefaultMavenResourcesFiltering - skip non existing resourceDirectory C:\Users\isabe\Documents\CRUD-CONTROLE-DE-ESTOQUE\ControleDeEstoque\ControleDeEstoque\src\test\resources
2025-01-13 12:16:13,931 [Worker-8: Building] INFO  o.a.m.s.f.DefaultMavenResourcesFiltering - Copying 1 resource from src\main\resources to target\classes
2025-01-13 12:16:13,935 [Worker-8: Building] INFO  o.a.m.s.f.DefaultMavenResourcesFiltering - Copying 0 resource from src\main\resources to target\classes
2025-01-13 12:16:13,937 [Worker-8: Building] INFO  o.a.m.s.f.DefaultMavenResourcesFiltering - skip non existing resourceDirectory C:\Users\isabe\Documents\CRUD-CONTROLE-DE-ESTOQUE\ControleDeEstoque\ControleDeEstoque\src\test\resources
2025-01-13 12:16:16,034 [Worker-0: Building] INFO  o.a.m.s.f.DefaultMavenResourcesFiltering - Copying 1 resource from src\main\resources to target\classes
2025-01-13 12:16:16,038 [Worker-0: Building] INFO  o.a.m.s.f.DefaultMavenResourcesFiltering - Copying 0 resource from src\main\resources to target\classes
2025-01-13 12:16:16,040 [Worker-0: Building] INFO  o.a.m.s.f.DefaultMavenResourcesFiltering - skip non existing resourceDirectory C:\Users\isabe\Documents\CRUD-CONTROLE-DE-ESTOQUE\ControleDeEstoque\ControleDeEstoque\src\test\resources
2025-01-13 12:16:25,235 [Worker-7: Building] INFO  o.a.m.s.f.DefaultMavenResourcesFiltering - Copying 1 resource from src\main\resources to target\classes
2025-01-13 12:16:25,240 [Worker-7: Building] INFO  o.a.m.s.f.DefaultMavenResourcesFiltering - Copying 0 resource from src\main\resources to target\classes
2025-01-13 12:16:25,243 [Worker-7: Building] INFO  o.a.m.s.f.DefaultMavenResourcesFiltering - skip non existing resourceDirectory C:\Users\isabe\Documents\CRUD-CONTROLE-DE-ESTOQUE\ControleDeEstoque\ControleDeEstoque\src\test\resources
2025-01-13 12:16:27,468 [Worker-1: Building] INFO  o.a.m.s.f.DefaultMavenResourcesFiltering - Copying 1 resource from src\main\resources to target\classes
2025-01-13 12:16:27,475 [Worker-1: Building] INFO  o.a.m.s.f.DefaultMavenResourcesFiltering - Copying 0 resource from src\main\resources to target\classes
2025-01-13 12:16:27,478 [Worker-1: Building] INFO  o.a.m.s.f.DefaultMavenResourcesFiltering - skip non existing resourceDirectory C:\Users\isabe\Documents\CRUD-CONTROLE-DE-ESTOQUE\ControleDeEstoque\ControleDeEstoque\src\test\resources
2025-01-13 12:16:29,927 [Worker-2: Building] INFO  o.a.m.s.f.DefaultMavenResourcesFiltering - Copying 1 resource from src\main\resources to target\classes
2025-01-13 12:16:29,934 [Worker-2: Building] INFO  o.a.m.s.f.DefaultMavenResourcesFiltering - Copying 0 resource from src\main\resources to target\classes
2025-01-13 12:16:29,936 [Worker-2: Building] INFO  o.a.m.s.f.DefaultMavenResourcesFiltering - skip non existing resourceDirectory C:\Users\isabe\Documents\CRUD-CONTROLE-DE-ESTOQUE\ControleDeEstoque\ControleDeEstoque\src\test\resources
2025-01-13 12:16:44,155 [Worker-9: Building] INFO  o.a.m.s.f.DefaultMavenResourcesFiltering - Copying 1 resource from src\main\resources to target\classes
2025-01-13 12:16:44,162 [Worker-9: Building] INFO  o.a.m.s.f.DefaultMavenResourcesFiltering - Copying 0 resource from src\main\resources to target\classes
2025-01-13 12:16:44,164 [Worker-9: Building] INFO  o.a.m.s.f.DefaultMavenResourcesFiltering - skip non existing resourceDirectory C:\Users\isabe\Documents\CRUD-CONTROLE-DE-ESTOQUE\ControleDeEstoque\ControleDeEstoque\src\test\resources
2025-01-13 12:17:06,306 [Worker-10: Building] INFO  o.a.m.s.f.DefaultMavenResourcesFiltering - Copying 1 resource from src\main\resources to target\classes
2025-01-13 12:17:06,311 [Worker-10: Building] INFO  o.a.m.s.f.DefaultMavenResourcesFiltering - Copying 0 resource from src\main\resources to target\classes
2025-01-13 12:17:06,314 [Worker-10: Building] INFO  o.a.m.s.f.DefaultMavenResourcesFiltering - skip non existing resourceDirectory C:\Users\isabe\Documents\CRUD-CONTROLE-DE-ESTOQUE\ControleDeEstoque\ControleDeEstoque\src\test\resources
2025-01-13 12:17:08,620 [Worker-4: Building] INFO  o.a.m.s.f.DefaultMavenResourcesFiltering - Copying 1 resource from src\main\resources to target\classes
2025-01-13 12:17:08,628 [Worker-4: Building] INFO  o.a.m.s.f.DefaultMavenResourcesFiltering - Copying 0 resource from src\main\resources to target\classes
2025-01-13 12:17:08,631 [Worker-4: Building] INFO  o.a.m.s.f.DefaultMavenResourcesFiltering - skip non existing resourceDirectory C:\Users\isabe\Documents\CRUD-CONTROLE-DE-ESTOQUE\ControleDeEstoque\ControleDeEstoque\src\test\resources
2025-01-13 12:17:52,580 [Worker-3: Building] INFO  o.a.m.s.f.DefaultMavenResourcesFiltering - Copying 1 resource from src\main\resources to target\classes
2025-01-13 12:17:52,584 [Worker-3: Building] INFO  o.a.m.s.f.DefaultMavenResourcesFiltering - Copying 0 resource from src\main\resources to target\classes
2025-01-13 12:17:52,586 [Worker-3: Building] INFO  o.a.m.s.f.DefaultMavenResourcesFiltering - skip non existing resourceDirectory C:\Users\isabe\Documents\CRUD-CONTROLE-DE-ESTOQUE\ControleDeEstoque\ControleDeEstoque\src\test\resources
2025-01-13 12:18:00,527 [Worker-10: Building] INFO  o.a.m.s.f.DefaultMavenResourcesFiltering - Copying 1 resource from src\main\resources to target\classes
2025-01-13 12:18:00,532 [Worker-10: Building] INFO  o.a.m.s.f.DefaultMavenResourcesFiltering - Copying 0 resource from src\main\resources to target\classes
2025-01-13 12:18:00,535 [Worker-10: Building] INFO  o.a.m.s.f.DefaultMavenResourcesFiltering - skip non existing resourceDirectory C:\Users\isabe\Documents\CRUD-CONTROLE-DE-ESTOQUE\ControleDeEstoque\ControleDeEstoque\src\test\resources
2025-01-13 12:19:15,571 [Worker-2: Building] INFO  o.a.m.s.f.DefaultMavenResourcesFiltering - Copying 1 resource from src\main\resources to target\classes
2025-01-13 12:19:15,575 [Worker-2: Building] INFO  o.a.m.s.f.DefaultMavenResourcesFiltering - Copying 0 resource from src\main\resources to target\classes
2025-01-13 12:19:15,577 [Worker-2: Building] INFO  o.a.m.s.f.DefaultMavenResourcesFiltering - skip non existing resourceDirectory C:\Users\isabe\Documents\CRUD-CONTROLE-DE-ESTOQUE\ControleDeEstoque\ControleDeEstoque\src\test\resources
2025-01-13 12:19:42,889 [Worker-4: Building] INFO  o.a.m.s.f.DefaultMavenResourcesFiltering - Copying 1 resource from src\main\resources to target\classes
2025-01-13 12:19:42,896 [Worker-4: Building] INFO  o.a.m.s.f.DefaultMavenResourcesFiltering - Copying 0 resource from src\main\resources to target\classes
2025-01-13 12:19:42,898 [Worker-4: Building] INFO  o.a.m.s.f.DefaultMavenResourcesFiltering - skip non existing resourceDirectory C:\Users\isabe\Documents\CRUD-CONTROLE-DE-ESTOQUE\ControleDeEstoque\ControleDeEstoque\src\test\resources
2025-01-13 12:20:06,721 [Worker-3: Building] INFO  o.a.m.s.f.DefaultMavenResourcesFiltering - Copying 1 resource from src\main\resources to target\classes
2025-01-13 12:20:06,724 [Worker-3: Building] INFO  o.a.m.s.f.DefaultMavenResourcesFiltering - Copying 0 resource from src\main\resources to target\classes
2025-01-13 12:20:06,727 [Worker-3: Building] INFO  o.a.m.s.f.DefaultMavenResourcesFiltering - skip non existing resourceDirectory C:\Users\isabe\Documents\CRUD-CONTROLE-DE-ESTOQUE\ControleDeEstoque\ControleDeEstoque\src\test\resources
2025-01-13 12:20:18,670 [Worker-0: Building] INFO  o.a.m.s.f.DefaultMavenResourcesFiltering - Copying 1 resource from src\main\resources to target\classes
2025-01-13 12:20:18,674 [Worker-0: Building] INFO  o.a.m.s.f.DefaultMavenResourcesFiltering - Copying 0 resource from src\main\resources to target\classes
2025-01-13 12:20:18,679 [Worker-0: Building] INFO  o.a.m.s.f.DefaultMavenResourcesFiltering - skip non existing resourceDirectory C:\Users\isabe\Documents\CRUD-CONTROLE-DE-ESTOQUE\ControleDeEstoque\ControleDeEstoque\src\test\resources
2025-01-13 12:20:51,336 [Worker-10: Building] INFO  o.a.m.s.f.DefaultMavenResourcesFiltering - Copying 1 resource from src\main\resources to target\classes
2025-01-13 12:20:51,342 [Worker-10: Building] INFO  o.a.m.s.f.DefaultMavenResourcesFiltering - Copying 0 resource from src\main\resources to target\classes
2025-01-13 12:20:51,344 [Worker-10: Building] INFO  o.a.m.s.f.DefaultMavenResourcesFiltering - skip non existing resourceDirectory C:\Users\isabe\Documents\CRUD-CONTROLE-DE-ESTOQUE\ControleDeEstoque\ControleDeEstoque\src\test\resources
2025-01-13 12:20:57,667 [Worker-2: Building] INFO  o.a.m.s.f.DefaultMavenResourcesFiltering - Copying 1 resource from src\main\resources to target\classes
2025-01-13 12:20:57,671 [Worker-2: Building] INFO  o.a.m.s.f.DefaultMavenResourcesFiltering - Copying 0 resource from src\main\resources to target\classes
2025-01-13 12:20:57,672 [Worker-2: Building] INFO  o.a.m.s.f.DefaultMavenResourcesFiltering - skip non existing resourceDirectory C:\Users\isabe\Documents\CRUD-CONTROLE-DE-ESTOQUE\ControleDeEstoque\ControleDeEstoque\src\test\resources
2025-01-13 12:21:00,824 [Worker-8: Building] INFO  o.a.m.s.f.DefaultMavenResourcesFiltering - Copying 1 resource from src\main\resources to target\classes
2025-01-13 12:21:00,828 [Worker-8: Building] INFO  o.a.m.s.f.DefaultMavenResourcesFiltering - Copying 0 resource from src\main\resources to target\classes
2025-01-13 12:21:00,830 [Worker-8: Building] INFO  o.a.m.s.f.DefaultMavenResourcesFiltering - skip non existing resourceDirectory C:\Users\isabe\Documents\CRUD-CONTROLE-DE-ESTOQUE\ControleDeEstoque\ControleDeEstoque\src\test\resources
2025-01-13 12:21:42,962 [Worker-3: Building] INFO  o.a.m.s.f.DefaultMavenResourcesFiltering - Copying 1 resource from src\main\resources to target\classes
2025-01-13 12:21:42,971 [Worker-3: Building] INFO  o.a.m.s.f.DefaultMavenResourcesFiltering - Copying 0 resource from src\main\resources to target\classes
2025-01-13 12:21:42,974 [Worker-3: Building] INFO  o.a.m.s.f.DefaultMavenResourcesFiltering - skip non existing resourceDirectory C:\Users\isabe\Documents\CRUD-CONTROLE-DE-ESTOQUE\ControleDeEstoque\ControleDeEstoque\src\test\resources
2025-01-13 12:21:43,717 [Stop Help Server] INFO  org.eclipse.jetty.server.Server - Stopped oejs.Server@1ecc4c99{STOPPING}[12.0.15,sto=0]
2025-01-13 12:21:43,722 [Stop Help Server] INFO  o.e.jetty.server.AbstractConnector - Stopped ServerConnector@5e6da56d{HTTP/1.1, (http/1.1)}{127.0.0.1:0}
2025-01-13 12:33:20,388 [Worker-7: Loading available Gradle versions] INFO  o.e.b.c.i.u.g.PublishedGradleVersions - Gradle version information cache is up-to-date. Trying to read.
2025-01-13 12:36:51,962 [Worker-13: Building] INFO  o.a.m.s.f.DefaultMavenResourcesFiltering - Copying 1 resource from src\main\resources to target\classes
2025-01-13 12:36:51,974 [Worker-13: Building] INFO  o.a.m.s.f.DefaultMavenResourcesFiltering - Copying 0 resource from src\main\resources to target\classes
2025-01-13 12:36:51,978 [Worker-13: Building] INFO  o.a.m.s.f.DefaultMavenResourcesFiltering - skip non existing resourceDirectory C:\Users\isabe\Documents\CRUD-CONTROLE-DE-ESTOQUE\ControleDeEstoque\ControleDeEstoque\src\test\resources
2025-01-13 12:37:04,631 [Worker-4: Building] INFO  o.a.m.s.f.DefaultMavenResourcesFiltering - Copying 1 resource from src\main\resources to target\classes
2025-01-13 12:37:04,635 [Worker-4: Building] INFO  o.a.m.s.f.DefaultMavenResourcesFiltering - Copying 0 resource from src\main\resources to target\classes
2025-01-13 12:37:04,638 [Worker-4: Building] INFO  o.a.m.s.f.DefaultMavenResourcesFiltering - skip non existing resourceDirectory C:\Users\isabe\Documents\CRUD-CONTROLE-DE-ESTOQUE\ControleDeEstoque\ControleDeEstoque\src\test\resources
2025-01-13 12:37:09,980 [Worker-0: Building] INFO  o.a.m.s.f.DefaultMavenResourcesFiltering - Copying 1 resource from src\main\resources to target\classes
2025-01-13 12:37:09,984 [Worker-0: Building] INFO  o.a.m.s.f.DefaultMavenResourcesFiltering - Copying 0 resource from src\main\resources to target\classes
2025-01-13 12:37:09,987 [Worker-0: Building] INFO  o.a.m.s.f.DefaultMavenResourcesFiltering - skip non existing resourceDirectory C:\Users\isabe\Documents\CRUD-CONTROLE-DE-ESTOQUE\ControleDeEstoque\ControleDeEstoque\src\test\resources
2025-01-13 12:37:15,652 [Worker-0: Building] INFO  o.a.m.s.f.DefaultMavenResourcesFiltering - Copying 1 resource from src\main\resources to target\classes
2025-01-13 12:37:15,660 [Worker-0: Building] INFO  o.a.m.s.f.DefaultMavenResourcesFiltering - Copying 0 resource from src\main\resources to target\classes
2025-01-13 12:37:15,662 [Worker-0: Building] INFO  o.a.m.s.f.DefaultMavenResourcesFiltering - skip non existing resourceDirectory C:\Users\isabe\Documents\CRUD-CONTROLE-DE-ESTOQUE\ControleDeEstoque\ControleDeEstoque\src\test\resources
2025-01-13 12:37:55,158 [Worker-6: Building] INFO  o.a.m.s.f.DefaultMavenResourcesFiltering - Copying 1 resource from src\main\resources to target\classes
2025-01-13 12:37:55,163 [Worker-6: Building] INFO  o.a.m.s.f.DefaultMavenResourcesFiltering - Copying 0 resource from src\main\resources to target\classes
2025-01-13 12:37:55,165 [Worker-6: Building] INFO  o.a.m.s.f.DefaultMavenResourcesFiltering - skip non existing resourceDirectory C:\Users\isabe\Documents\CRUD-CONTROLE-DE-ESTOQUE\ControleDeEstoque\ControleDeEstoque\src\test\resources
2025-01-13 12:38:02,792 [Worker-11: Building] INFO  o.a.m.s.f.DefaultMavenResourcesFiltering - Copying 1 resource from src\main\resources to target\classes
2025-01-13 12:38:02,796 [Worker-11: Building] INFO  o.a.m.s.f.DefaultMavenResourcesFiltering - Copying 0 resource from src\main\resources to target\classes
2025-01-13 12:38:02,799 [Worker-11: Building] INFO  o.a.m.s.f.DefaultMavenResourcesFiltering - skip non existing resourceDirectory C:\Users\isabe\Documents\CRUD-CONTROLE-DE-ESTOQUE\ControleDeEstoque\ControleDeEstoque\src\test\resources
2025-01-13 12:38:09,596 [Start Help Server] INFO  org.eclipse.jetty.server.Server - jetty-12.0.15; built: 2024-11-05T19:44:57.623Z; git: 8281ae9740d4b4225e8166cc476bad237c70213a; jvm 21.0.5+11-LTS
2025-01-13 12:38:09,636 [Start Help Server] INFO  o.e.j.server.handler.ContextHandler - Started oeje8n.ContextHandler$CoreContextHandler@5b89c3a0{/help,/help,b=null,a=AVAILABLE,h=oeje8n.ContextHandler$CoreContextHandler$CoreToNestedHandler@4b7bbd81{STARTED}}
2025-01-13 12:38:09,636 [Start Help Server] INFO  o.e.j.s.DefaultSessionIdManager - Session workerName=node0
2025-01-13 12:38:09,657 [Start Help Server] INFO  o.e.jetty.server.AbstractConnector - Started ServerConnector@5c8f8d14{HTTP/1.1, (http/1.1)}{127.0.0.1:65521}
2025-01-13 12:38:09,668 [Start Help Server] INFO  org.eclipse.jetty.server.Server - Started oejs.Server@49b13b7b{STARTING}[12.0.15,sto=0] @343335ms
2025-01-13 12:38:13,906 [Worker-0: Building] INFO  o.a.m.s.f.DefaultMavenResourcesFiltering - Copying 1 resource from src\main\resources to target\classes
2025-01-13 12:38:13,910 [Worker-0: Building] INFO  o.a.m.s.f.DefaultMavenResourcesFiltering - Copying 0 resource from src\main\resources to target\classes
2025-01-13 12:38:13,912 [Worker-0: Building] INFO  o.a.m.s.f.DefaultMavenResourcesFiltering - skip non existing resourceDirectory C:\Users\isabe\Documents\CRUD-CONTROLE-DE-ESTOQUE\ControleDeEstoque\ControleDeEstoque\src\test\resources
2025-01-13 12:38:27,360 [Worker-14: Building] INFO  o.a.m.s.f.DefaultMavenResourcesFiltering - Copying 1 resource from src\main\resources to target\classes
2025-01-13 12:38:27,366 [Worker-14: Building] INFO  o.a.m.s.f.DefaultMavenResourcesFiltering - Copying 0 resource from src\main\resources to target\classes
2025-01-13 12:38:27,369 [Worker-14: Building] INFO  o.a.m.s.f.DefaultMavenResourcesFiltering - skip non existing resourceDirectory C:\Users\isabe\Documents\CRUD-CONTROLE-DE-ESTOQUE\ControleDeEstoque\ControleDeEstoque\src\test\resources
2025-01-13 12:38:28,811 [Worker-5: Building] INFO  o.a.m.s.f.DefaultMavenResourcesFiltering - Copying 1 resource from src\main\resources to target\classes
2025-01-13 12:38:28,815 [Worker-5: Building] INFO  o.a.m.s.f.DefaultMavenResourcesFiltering - Copying 0 resource from src\main\resources to target\classes
2025-01-13 12:38:28,817 [Worker-5: Building] INFO  o.a.m.s.f.DefaultMavenResourcesFiltering - skip non existing resourceDirectory C:\Users\isabe\Documents\CRUD-CONTROLE-DE-ESTOQUE\ControleDeEstoque\ControleDeEstoque\src\test\resources
2025-01-13 12:38:33,994 [Worker-1: Building] INFO  o.a.m.s.f.DefaultMavenResourcesFiltering - Copying 1 resource from src\main\resources to target\classes
2025-01-13 12:38:33,998 [Worker-1: Building] INFO  o.a.m.s.f.DefaultMavenResourcesFiltering - Copying 0 resource from src\main\resources to target\classes
2025-01-13 12:38:34,000 [Worker-1: Building] INFO  o.a.m.s.f.DefaultMavenResourcesFiltering - skip non existing resourceDirectory C:\Users\isabe\Documents\CRUD-CONTROLE-DE-ESTOQUE\ControleDeEstoque\ControleDeEstoque\src\test\resources
2025-01-13 12:39:54,223 [Worker-9: Building] INFO  o.a.m.s.f.DefaultMavenResourcesFiltering - Copying 0 resource from src\main\resources to target\classes
2025-01-13 12:39:54,226 [Worker-9: Building] INFO  o.a.m.s.f.DefaultMavenResourcesFiltering - Copying 1 resource from src\main\resources to target\classes
2025-01-13 12:39:54,230 [Worker-9: Building] INFO  o.a.m.s.f.DefaultMavenResourcesFiltering - skip non existing resourceDirectory C:\Users\isabe\Documents\CRUD-CONTROLE-DE-ESTOQUE\ControleDeEstoque\ControleDeEstoque\src\test\resources
2025-01-13 12:43:04,237 [Worker-6: Building] INFO  o.a.m.s.f.DefaultMavenResourcesFiltering - Copying 0 resource from src\main\resources to target\classes
2025-01-13 12:43:04,238 [Worker-6: Building] INFO  o.a.m.s.f.DefaultMavenResourcesFiltering - Copying 1 resource from src\main\resources to target\classes
2025-01-13 12:43:04,242 [Worker-6: Building] INFO  o.a.m.s.f.DefaultMavenResourcesFiltering - skip non existing resourceDirectory C:\Users\isabe\Documents\CRUD-CONTROLE-DE-ESTOQUE\ControleDeEstoque\ControleDeEstoque\src\test\resources
2025-01-13 12:50:51,115 [Worker-6: Building] INFO  o.a.m.s.f.DefaultMavenResourcesFiltering - Copying 1 resource from src\main\resources to target\classes
2025-01-13 12:50:51,120 [Worker-6: Building] INFO  o.a.m.s.f.DefaultMavenResourcesFiltering - Copying 1 resource from src\main\resources to target\classes
2025-01-13 12:50:51,122 [Worker-6: Building] INFO  o.a.m.s.f.DefaultMavenResourcesFiltering - skip non existing resourceDirectory C:\Users\isabe\Documents\CRUD-CONTROLE-DE-ESTOQUE\ControleDeEstoque\ControleDeEstoque\src\test\resources
2025-01-13 12:51:26,228 [Worker-6: Building] INFO  o.a.m.s.f.DefaultMavenResourcesFiltering - Copying 1 resource from src\main\resources to target\classes
2025-01-13 12:51:26,233 [Worker-6: Building] INFO  o.a.m.s.f.DefaultMavenResourcesFiltering - Copying 1 resource from src\main\resources to target\classes
2025-01-13 12:51:26,236 [Worker-6: Building] INFO  o.a.m.s.f.DefaultMavenResourcesFiltering - skip non existing resourceDirectory C:\Users\isabe\Documents\CRUD-CONTROLE-DE-ESTOQUE\ControleDeEstoque\ControleDeEstoque\src\test\resources
2025-01-13 12:51:36,450 [Worker-20: Building] INFO  o.a.m.s.f.DefaultMavenResourcesFiltering - Copying 1 resource from src\main\resources to target\classes
2025-01-13 12:51:36,456 [Worker-20: Building] INFO  o.a.m.s.f.DefaultMavenResourcesFiltering - Copying 1 resource from src\main\resources to target\classes
2025-01-13 12:51:36,458 [Worker-20: Building] INFO  o.a.m.s.f.DefaultMavenResourcesFiltering - skip non existing resourceDirectory C:\Users\isabe\Documents\CRUD-CONTROLE-DE-ESTOQUE\ControleDeEstoque\ControleDeEstoque\src\test\resources
2025-01-13 12:51:50,165 [Worker-4: Building] INFO  o.a.m.s.f.DefaultMavenResourcesFiltering - Copying 1 resource from src\main\resources to target\classes
2025-01-13 12:51:50,171 [Worker-4: Building] INFO  o.a.m.s.f.DefaultMavenResourcesFiltering - Copying 1 resource from src\main\resources to target\classes
2025-01-13 12:51:50,173 [Worker-4: Building] INFO  o.a.m.s.f.DefaultMavenResourcesFiltering - skip non existing resourceDirectory C:\Users\isabe\Documents\CRUD-CONTROLE-DE-ESTOQUE\ControleDeEstoque\ControleDeEstoque\src\test\resources
2025-01-13 12:51:54,105 [Worker-20: Building] INFO  o.a.m.s.f.DefaultMavenResourcesFiltering - Copying 1 resource from src\main\resources to target\classes
2025-01-13 12:51:54,116 [Worker-20: Building] INFO  o.a.m.s.f.DefaultMavenResourcesFiltering - Copying 1 resource from src\main\resources to target\classes
2025-01-13 12:51:54,118 [Worker-20: Building] INFO  o.a.m.s.f.DefaultMavenResourcesFiltering - skip non existing resourceDirectory C:\Users\isabe\Documents\CRUD-CONTROLE-DE-ESTOQUE\ControleDeEstoque\ControleDeEstoque\src\test\resources
2025-01-13 12:57:08,661 [Worker-19: Building] INFO  o.a.m.s.f.DefaultMavenResourcesFiltering - Copying 1 resource from src\main\resources to target\classes
2025-01-13 12:57:08,668 [Worker-19: Building] INFO  o.a.m.s.f.DefaultMavenResourcesFiltering - Copying 1 resource from src\main\resources to target\classes
2025-01-13 12:57:08,670 [Worker-19: Building] INFO  o.a.m.s.f.DefaultMavenResourcesFiltering - skip non existing resourceDirectory C:\Users\isabe\Documents\CRUD-CONTROLE-DE-ESTOQUE\ControleDeEstoque\ControleDeEstoque\src\test\resources
2025-01-13 12:57:19,105 [Worker-18: Building] INFO  o.a.m.s.f.DefaultMavenResourcesFiltering - Copying 1 resource from src\main\resources to target\classes
2025-01-13 12:57:19,111 [Worker-18: Building] INFO  o.a.m.s.f.DefaultMavenResourcesFiltering - Copying 1 resource from src\main\resources to target\classes
2025-01-13 12:57:19,113 [Worker-18: Building] INFO  o.a.m.s.f.DefaultMavenResourcesFiltering - skip non existing resourceDirectory C:\Users\isabe\Documents\CRUD-CONTROLE-DE-ESTOQUE\ControleDeEstoque\ControleDeEstoque\src\test\resources
2025-01-13 12:58:28,523 [Worker-6: Building] INFO  o.a.m.s.f.DefaultMavenResourcesFiltering - Copying 1 resource from src\main\resources to target\classes
2025-01-13 12:58:28,527 [Worker-6: Building] INFO  o.a.m.s.f.DefaultMavenResourcesFiltering - Copying 1 resource from src\main\resources to target\classes
2025-01-13 12:58:28,529 [Worker-6: Building] INFO  o.a.m.s.f.DefaultMavenResourcesFiltering - skip non existing resourceDirectory C:\Users\isabe\Documents\CRUD-CONTROLE-DE-ESTOQUE\ControleDeEstoque\ControleDeEstoque\src\test\resources
2025-01-13 12:58:37,992 [Worker-19: Building] INFO  o.a.m.s.f.DefaultMavenResourcesFiltering - Copying 1 resource from src\main\resources to target\classes
2025-01-13 12:58:38,001 [Worker-19: Building] INFO  o.a.m.s.f.DefaultMavenResourcesFiltering - Copying 1 resource from src\main\resources to target\classes
2025-01-13 12:58:38,025 [Worker-19: Building] INFO  o.a.m.s.f.DefaultMavenResourcesFiltering - skip non existing resourceDirectory C:\Users\isabe\Documents\CRUD-CONTROLE-DE-ESTOQUE\ControleDeEstoque\ControleDeEstoque\src\test\resources
2025-01-13 13:02:01,307 [Worker-20: Building] INFO  o.a.m.s.f.DefaultMavenResourcesFiltering - Copying 1 resource from src\main\resources to target\classes
2025-01-13 13:02:01,313 [Worker-20: Building] INFO  o.a.m.s.f.DefaultMavenResourcesFiltering - Copying 1 resource from src\main\resources to target\classes
2025-01-13 13:02:01,315 [Worker-20: Building] INFO  o.a.m.s.f.DefaultMavenResourcesFiltering - skip non existing resourceDirectory C:\Users\isabe\Documents\CRUD-CONTROLE-DE-ESTOQUE\ControleDeEstoque\ControleDeEstoque\src\test\resources
2025-01-13 13:02:15,127 [Worker-17: Building] INFO  o.a.m.s.f.DefaultMavenResourcesFiltering - Copying 1 resource from src\main\resources to target\classes
2025-01-13 13:02:15,134 [Worker-17: Building] INFO  o.a.m.s.f.DefaultMavenResourcesFiltering - Copying 1 resource from src\main\resources to target\classes
2025-01-13 13:02:15,136 [Worker-17: Building] INFO  o.a.m.s.f.DefaultMavenResourcesFiltering - skip non existing resourceDirectory C:\Users\isabe\Documents\CRUD-CONTROLE-DE-ESTOQUE\ControleDeEstoque\ControleDeEstoque\src\test\resources
2025-01-13 13:02:27,404 [Worker-4: Building] INFO  o.a.m.s.f.DefaultMavenResourcesFiltering - Copying 1 resource from src\main\resources to target\classes
2025-01-13 13:02:27,407 [Worker-4: Building] INFO  o.a.m.s.f.DefaultMavenResourcesFiltering - Copying 1 resource from src\main\resources to target\classes
2025-01-13 13:02:27,409 [Worker-4: Building] INFO  o.a.m.s.f.DefaultMavenResourcesFiltering - skip non existing resourceDirectory C:\Users\isabe\Documents\CRUD-CONTROLE-DE-ESTOQUE\ControleDeEstoque\ControleDeEstoque\src\test\resources
2025-01-13 13:02:38,626 [Worker-17: Building] INFO  o.a.m.s.f.DefaultMavenResourcesFiltering - Copying 1 resource from src\main\resources to target\classes
2025-01-13 13:02:38,630 [Worker-17: Building] INFO  o.a.m.s.f.DefaultMavenResourcesFiltering - Copying 1 resource from src\main\resources to target\classes
2025-01-13 13:02:38,632 [Worker-17: Building] INFO  o.a.m.s.f.DefaultMavenResourcesFiltering - skip non existing resourceDirectory C:\Users\isabe\Documents\CRUD-CONTROLE-DE-ESTOQUE\ControleDeEstoque\ControleDeEstoque\src\test\resources
2025-01-13 13:02:58,636 [Worker-22: Building] INFO  o.a.m.s.f.DefaultMavenResourcesFiltering - Copying 1 resource from src\main\resources to target\classes
2025-01-13 13:02:58,642 [Worker-22: Building] INFO  o.a.m.s.f.DefaultMavenResourcesFiltering - Copying 1 resource from src\main\resources to target\classes
2025-01-13 13:02:58,644 [Worker-22: Building] INFO  o.a.m.s.f.DefaultMavenResourcesFiltering - skip non existing resourceDirectory C:\Users\isabe\Documents\CRUD-CONTROLE-DE-ESTOQUE\ControleDeEstoque\ControleDeEstoque\src\test\resources
2025-01-13 13:03:20,029 [Worker-4: Building] INFO  o.a.m.s.f.DefaultMavenResourcesFiltering - Copying 1 resource from src\main\resources to target\classes
2025-01-13 13:03:20,032 [Worker-4: Building] INFO  o.a.m.s.f.DefaultMavenResourcesFiltering - Copying 1 resource from src\main\resources to target\classes
2025-01-13 13:03:20,034 [Worker-4: Building] INFO  o.a.m.s.f.DefaultMavenResourcesFiltering - skip non existing resourceDirectory C:\Users\isabe\Documents\CRUD-CONTROLE-DE-ESTOQUE\ControleDeEstoque\ControleDeEstoque\src\test\resources
2025-01-13 13:03:55,207 [Worker-20: Building] INFO  o.a.m.s.f.DefaultMavenResourcesFiltering - Copying 1 resource from src\main\resources to target\classes
2025-01-13 13:03:55,211 [Worker-20: Building] INFO  o.a.m.s.f.DefaultMavenResourcesFiltering - Copying 1 resource from src\main\resources to target\classes
2025-01-13 13:03:55,213 [Worker-20: Building] INFO  o.a.m.s.f.DefaultMavenResourcesFiltering - skip non existing resourceDirectory C:\Users\isabe\Documents\CRUD-CONTROLE-DE-ESTOQUE\ControleDeEstoque\ControleDeEstoque\src\test\resources
2025-01-13 13:04:21,084 [Worker-21: Building] INFO  o.a.m.s.f.DefaultMavenResourcesFiltering - Copying 1 resource from src\main\resources to target\classes
2025-01-13 13:04:21,088 [Worker-21: Building] INFO  o.a.m.s.f.DefaultMavenResourcesFiltering - Copying 1 resource from src\main\resources to target\classes
2025-01-13 13:04:21,090 [Worker-21: Building] INFO  o.a.m.s.f.DefaultMavenResourcesFiltering - skip non existing resourceDirectory C:\Users\isabe\Documents\CRUD-CONTROLE-DE-ESTOQUE\ControleDeEstoque\ControleDeEstoque\src\test\resources
2025-01-13 13:04:38,360 [Worker-21: Building] INFO  o.a.m.s.f.DefaultMavenResourcesFiltering - Copying 1 resource from src\main\resources to target\classes
2025-01-13 13:04:38,364 [Worker-21: Building] INFO  o.a.m.s.f.DefaultMavenResourcesFiltering - Copying 1 resource from src\main\resources to target\classes
2025-01-13 13:04:38,366 [Worker-21: Building] INFO  o.a.m.s.f.DefaultMavenResourcesFiltering - skip non existing resourceDirectory C:\Users\isabe\Documents\CRUD-CONTROLE-DE-ESTOQUE\ControleDeEstoque\ControleDeEstoque\src\test\resources
2025-01-13 13:04:39,412 [Worker-4: Building] INFO  o.a.m.s.f.DefaultMavenResourcesFiltering - Copying 1 resource from src\main\resources to target\classes
2025-01-13 13:04:39,415 [Worker-4: Building] INFO  o.a.m.s.f.DefaultMavenResourcesFiltering - Copying 1 resource from src\main\resources to target\classes
2025-01-13 13:04:39,417 [Worker-4: Building] INFO  o.a.m.s.f.DefaultMavenResourcesFiltering - skip non existing resourceDirectory C:\Users\isabe\Documents\CRUD-CONTROLE-DE-ESTOQUE\ControleDeEstoque\ControleDeEstoque\src\test\resources
2025-01-13 13:04:43,529 [Worker-19: Building] INFO  o.a.m.s.f.DefaultMavenResourcesFiltering - Copying 1 resource from src\main\resources to target\classes
2025-01-13 13:04:43,533 [Worker-19: Building] INFO  o.a.m.s.f.DefaultMavenResourcesFiltering - Copying 1 resource from src\main\resources to target\classes
2025-01-13 13:04:43,535 [Worker-19: Building] INFO  o.a.m.s.f.DefaultMavenResourcesFiltering - skip non existing resourceDirectory C:\Users\isabe\Documents\CRUD-CONTROLE-DE-ESTOQUE\ControleDeEstoque\ControleDeEstoque\src\test\resources
2025-01-13 13:05:03,932 [Worker-21: Building] INFO  o.a.m.s.f.DefaultMavenResourcesFiltering - Copying 1 resource from src\main\resources to target\classes
2025-01-13 13:05:03,936 [Worker-21: Building] INFO  o.a.m.s.f.DefaultMavenResourcesFiltering - Copying 1 resource from src\main\resources to target\classes
2025-01-13 13:05:03,938 [Worker-21: Building] INFO  o.a.m.s.f.DefaultMavenResourcesFiltering - skip non existing resourceDirectory C:\Users\isabe\Documents\CRUD-CONTROLE-DE-ESTOQUE\ControleDeEstoque\ControleDeEstoque\src\test\resources
2025-01-13 13:05:08,924 [Worker-21: Building] INFO  o.a.m.s.f.DefaultMavenResourcesFiltering - Copying 1 resource from src\main\resources to target\classes
2025-01-13 13:05:08,928 [Worker-21: Building] INFO  o.a.m.s.f.DefaultMavenResourcesFiltering - Copying 1 resource from src\main\resources to target\classes
2025-01-13 13:05:08,930 [Worker-21: Building] INFO  o.a.m.s.f.DefaultMavenResourcesFiltering - skip non existing resourceDirectory C:\Users\isabe\Documents\CRUD-CONTROLE-DE-ESTOQUE\ControleDeEstoque\ControleDeEstoque\src\test\resources
2025-01-13 13:05:17,482 [Worker-17: Building] INFO  o.a.m.s.f.DefaultMavenResourcesFiltering - Copying 1 resource from src\main\resources to target\classes
2025-01-13 13:05:17,486 [Worker-17: Building] INFO  o.a.m.s.f.DefaultMavenResourcesFiltering - Copying 1 resource from src\main\resources to target\classes
2025-01-13 13:05:17,488 [Worker-17: Building] INFO  o.a.m.s.f.DefaultMavenResourcesFiltering - skip non existing resourceDirectory C:\Users\isabe\Documents\CRUD-CONTROLE-DE-ESTOQUE\ControleDeEstoque\ControleDeEstoque\src\test\resources
2025-01-13 13:06:51,650 [Worker-21: Building] INFO  o.a.m.s.f.DefaultMavenResourcesFiltering - Copying 1 resource from src\main\resources to target\classes
2025-01-13 13:06:51,657 [Worker-21: Building] INFO  o.a.m.s.f.DefaultMavenResourcesFiltering - Copying 1 resource from src\main\resources to target\classes
2025-01-13 13:06:51,660 [Worker-21: Building] INFO  o.a.m.s.f.DefaultMavenResourcesFiltering - skip non existing resourceDirectory C:\Users\isabe\Documents\CRUD-CONTROLE-DE-ESTOQUE\ControleDeEstoque\ControleDeEstoque\src\test\resources
2025-01-13 13:06:57,121 [Worker-4: Building] INFO  o.a.m.s.f.DefaultMavenResourcesFiltering - Copying 1 resource from src\main\resources to target\classes
2025-01-13 13:06:57,128 [Worker-4: Building] INFO  o.a.m.s.f.DefaultMavenResourcesFiltering - Copying 1 resource from src\main\resources to target\classes
2025-01-13 13:06:57,130 [Worker-4: Building] INFO  o.a.m.s.f.DefaultMavenResourcesFiltering - skip non existing resourceDirectory C:\Users\isabe\Documents\CRUD-CONTROLE-DE-ESTOQUE\ControleDeEstoque\ControleDeEstoque\src\test\resources
2025-01-13 13:07:38,884 [Worker-17: Building] INFO  o.a.m.s.f.DefaultMavenResourcesFiltering - Copying 1 resource from src\main\resources to target\classes
2025-01-13 13:07:38,888 [Worker-17: Building] INFO  o.a.m.s.f.DefaultMavenResourcesFiltering - Copying 1 resource from src\main\resources to target\classes
2025-01-13 13:07:38,890 [Worker-17: Building] INFO  o.a.m.s.f.DefaultMavenResourcesFiltering - skip non existing resourceDirectory C:\Users\isabe\Documents\CRUD-CONTROLE-DE-ESTOQUE\ControleDeEstoque\ControleDeEstoque\src\test\resources
2025-01-13 13:07:57,416 [Worker-20: Building] INFO  o.a.m.s.f.DefaultMavenResourcesFiltering - Copying 1 resource from src\main\resources to target\classes
2025-01-13 13:07:57,419 [Worker-20: Building] INFO  o.a.m.s.f.DefaultMavenResourcesFiltering - Copying 1 resource from src\main\resources to target\classes
2025-01-13 13:07:57,421 [Worker-20: Building] INFO  o.a.m.s.f.DefaultMavenResourcesFiltering - skip non existing resourceDirectory C:\Users\isabe\Documents\CRUD-CONTROLE-DE-ESTOQUE\ControleDeEstoque\ControleDeEstoque\src\test\resources
2025-01-13 13:08:03,530 [Worker-20: Building] INFO  o.a.m.s.f.DefaultMavenResourcesFiltering - Copying 1 resource from src\main\resources to target\classes
2025-01-13 13:08:03,535 [Worker-20: Building] INFO  o.a.m.s.f.DefaultMavenResourcesFiltering - Copying 1 resource from src\main\resources to target\classes
2025-01-13 13:08:03,537 [Worker-20: Building] INFO  o.a.m.s.f.DefaultMavenResourcesFiltering - skip non existing resourceDirectory C:\Users\isabe\Documents\CRUD-CONTROLE-DE-ESTOQUE\ControleDeEstoque\ControleDeEstoque\src\test\resources
2025-01-13 13:08:11,240 [Worker-21: Building] INFO  o.a.m.s.f.DefaultMavenResourcesFiltering - Copying 1 resource from src\main\resources to target\classes
2025-01-13 13:08:11,244 [Worker-21: Building] INFO  o.a.m.s.f.DefaultMavenResourcesFiltering - Copying 1 resource from src\main\resources to target\classes
2025-01-13 13:08:11,246 [Worker-21: Building] INFO  o.a.m.s.f.DefaultMavenResourcesFiltering - skip non existing resourceDirectory C:\Users\isabe\Documents\CRUD-CONTROLE-DE-ESTOQUE\ControleDeEstoque\ControleDeEstoque\src\test\resources
2025-01-13 13:08:15,857 [Worker-23: Building] INFO  o.a.m.s.f.DefaultMavenResourcesFiltering - Copying 1 resource from src\main\resources to target\classes
2025-01-13 13:08:15,861 [Worker-23: Building] INFO  o.a.m.s.f.DefaultMavenResourcesFiltering - Copying 1 resource from src\main\resources to target\classes
2025-01-13 13:08:15,863 [Worker-23: Building] INFO  o.a.m.s.f.DefaultMavenResourcesFiltering - skip non existing resourceDirectory C:\Users\isabe\Documents\CRUD-CONTROLE-DE-ESTOQUE\ControleDeEstoque\ControleDeEstoque\src\test\resources
2025-01-13 13:08:44,275 [Worker-24: Building] INFO  o.a.m.s.f.DefaultMavenResourcesFiltering - Copying 1 resource from src\main\resources to target\classes
2025-01-13 13:08:44,281 [Worker-24: Building] INFO  o.a.m.s.f.DefaultMavenResourcesFiltering - Copying 1 resource from src\main\resources to target\classes
2025-01-13 13:08:44,282 [Worker-24: Building] INFO  o.a.m.s.f.DefaultMavenResourcesFiltering - skip non existing resourceDirectory C:\Users\isabe\Documents\CRUD-CONTROLE-DE-ESTOQUE\ControleDeEstoque\ControleDeEstoque\src\test\resources
2025-01-13 13:08:50,509 [Worker-4: Building] INFO  o.a.m.s.f.DefaultMavenResourcesFiltering - Copying 1 resource from src\main\resources to target\classes
2025-01-13 13:08:50,515 [Worker-4: Building] INFO  o.a.m.s.f.DefaultMavenResourcesFiltering - Copying 1 resource from src\main\resources to target\classes
2025-01-13 13:08:50,516 [Worker-4: Building] INFO  o.a.m.s.f.DefaultMavenResourcesFiltering - skip non existing resourceDirectory C:\Users\isabe\Documents\CRUD-CONTROLE-DE-ESTOQUE\ControleDeEstoque\ControleDeEstoque\src\test\resources
2025-01-13 13:08:52,140 [Worker-17: Building] INFO  o.a.m.s.f.DefaultMavenResourcesFiltering - Copying 1 resource from src\main\resources to target\classes
2025-01-13 13:08:52,146 [Worker-17: Building] INFO  o.a.m.s.f.DefaultMavenResourcesFiltering - Copying 1 resource from src\main\resources to target\classes
2025-01-13 13:08:52,148 [Worker-17: Building] INFO  o.a.m.s.f.DefaultMavenResourcesFiltering - skip non existing resourceDirectory C:\Users\isabe\Documents\CRUD-CONTROLE-DE-ESTOQUE\ControleDeEstoque\ControleDeEstoque\src\test\resources
2025-01-13 13:08:54,588 [Worker-24: Building] INFO  o.a.m.s.f.DefaultMavenResourcesFiltering - Copying 1 resource from src\main\resources to target\classes
2025-01-13 13:08:54,594 [Worker-24: Building] INFO  o.a.m.s.f.DefaultMavenResourcesFiltering - Copying 1 resource from src\main\resources to target\classes
2025-01-13 13:08:54,595 [Worker-24: Building] INFO  o.a.m.s.f.DefaultMavenResourcesFiltering - skip non existing resourceDirectory C:\Users\isabe\Documents\CRUD-CONTROLE-DE-ESTOQUE\ControleDeEstoque\ControleDeEstoque\src\test\resources
2025-01-13 13:13:12,869 [Worker-22: Building] INFO  o.a.m.s.f.DefaultMavenResourcesFiltering - Copying 1 resource from src\main\resources to target\classes
2025-01-13 13:13:12,875 [Worker-22: Building] INFO  o.a.m.s.f.DefaultMavenResourcesFiltering - Copying 1 resource from src\main\resources to target\classes
2025-01-13 13:13:12,877 [Worker-22: Building] INFO  o.a.m.s.f.DefaultMavenResourcesFiltering - skip non existing resourceDirectory C:\Users\isabe\Documents\CRUD-CONTROLE-DE-ESTOQUE\ControleDeEstoque\ControleDeEstoque\src\test\resources
2025-01-13 13:13:18,248 [Worker-21: Building] INFO  o.a.m.s.f.DefaultMavenResourcesFiltering - Copying 1 resource from src\main\resources to target\classes
2025-01-13 13:13:18,257 [Worker-21: Building] INFO  o.a.m.s.f.DefaultMavenResourcesFiltering - Copying 1 resource from src\main\resources to target\classes
2025-01-13 13:13:18,262 [Worker-21: Building] INFO  o.a.m.s.f.DefaultMavenResourcesFiltering - skip non existing resourceDirectory C:\Users\isabe\Documents\CRUD-CONTROLE-DE-ESTOQUE\ControleDeEstoque\ControleDeEstoque\src\test\resources
2025-01-13 13:13:31,565 [Worker-22: Building] INFO  o.a.m.s.f.DefaultMavenResourcesFiltering - Copying 1 resource from src\main\resources to target\classes
2025-01-13 13:13:31,571 [Worker-22: Building] INFO  o.a.m.s.f.DefaultMavenResourcesFiltering - Copying 1 resource from src\main\resources to target\classes
2025-01-13 13:13:31,573 [Worker-22: Building] INFO  o.a.m.s.f.DefaultMavenResourcesFiltering - skip non existing resourceDirectory C:\Users\isabe\Documents\CRUD-CONTROLE-DE-ESTOQUE\ControleDeEstoque\ControleDeEstoque\src\test\resources
2025-01-13 13:13:34,909 [Worker-22: Building] INFO  o.a.m.s.f.DefaultMavenResourcesFiltering - Copying 1 resource from src\main\resources to target\classes
2025-01-13 13:13:34,912 [Worker-22: Building] INFO  o.a.m.s.f.DefaultMavenResourcesFiltering - Copying 1 resource from src\main\resources to target\classes
2025-01-13 13:13:34,914 [Worker-22: Building] INFO  o.a.m.s.f.DefaultMavenResourcesFiltering - skip non existing resourceDirectory C:\Users\isabe\Documents\CRUD-CONTROLE-DE-ESTOQUE\ControleDeEstoque\ControleDeEstoque\src\test\resources
2025-01-13 13:13:47,789 [Worker-22: Building] INFO  o.a.m.s.f.DefaultMavenResourcesFiltering - Copying 1 resource from src\main\resources to target\classes
2025-01-13 13:13:47,793 [Worker-22: Building] INFO  o.a.m.s.f.DefaultMavenResourcesFiltering - Copying 1 resource from src\main\resources to target\classes
2025-01-13 13:13:47,796 [Worker-22: Building] INFO  o.a.m.s.f.DefaultMavenResourcesFiltering - skip non existing resourceDirectory C:\Users\isabe\Documents\CRUD-CONTROLE-DE-ESTOQUE\ControleDeEstoque\ControleDeEstoque\src\test\resources
2025-01-13 13:14:27,528 [Worker-24: Building] INFO  o.a.m.s.f.DefaultMavenResourcesFiltering - Copying 1 resource from src\main\resources to target\classes
2025-01-13 13:14:27,565 [Worker-24: Building] INFO  o.a.m.s.f.DefaultMavenResourcesFiltering - Copying 1 resource from src\main\resources to target\classes
2025-01-13 13:14:27,568 [Worker-24: Building] INFO  o.a.m.s.f.DefaultMavenResourcesFiltering - skip non existing resourceDirectory C:\Users\isabe\Documents\CRUD-CONTROLE-DE-ESTOQUE\ControleDeEstoque\ControleDeEstoque\src\test\resources
2025-01-13 13:14:59,648 [Worker-22: Building] INFO  o.a.m.s.f.DefaultMavenResourcesFiltering - Copying 1 resource from src\main\resources to target\classes
2025-01-13 13:14:59,652 [Worker-22: Building] INFO  o.a.m.s.f.DefaultMavenResourcesFiltering - Copying 1 resource from src\main\resources to target\classes
2025-01-13 13:14:59,653 [Worker-22: Building] INFO  o.a.m.s.f.DefaultMavenResourcesFiltering - skip non existing resourceDirectory C:\Users\isabe\Documents\CRUD-CONTROLE-DE-ESTOQUE\ControleDeEstoque\ControleDeEstoque\src\test\resources
2025-01-13 13:15:59,158 [Stop Help Server] INFO  org.eclipse.jetty.server.Server - Stopped oejs.Server@49b13b7b{STOPPING}[12.0.15,sto=0]
2025-01-13 13:15:59,164 [Stop Help Server] INFO  o.e.jetty.server.AbstractConnector - Stopped ServerConnector@5c8f8d14{HTTP/1.1, (http/1.1)}{127.0.0.1:0}
2025-01-13 17:02:26,675 [Worker-2: Loading available Gradle versions] INFO  o.e.b.c.i.u.g.PublishedGradleVersions - Gradle version information cache is up-to-date. Trying to read.
2025-01-13 17:05:48,222 [Worker-4: Building] INFO  o.a.m.s.f.DefaultMavenResourcesFiltering - Copying 1 resource from src\main\resources to target\classes
2025-01-13 17:05:48,234 [Worker-4: Building] INFO  o.a.m.s.f.DefaultMavenResourcesFiltering - Copying 1 resource from src\main\resources to target\classes
2025-01-13 17:05:48,238 [Worker-4: Building] INFO  o.a.m.s.f.DefaultMavenResourcesFiltering - skip non existing resourceDirectory C:\Users\isabe\Documents\CRUD-CONTROLE-DE-ESTOQUE\ControleDeEstoque\ControleDeEstoque\src\test\resources
2025-01-17 08:58:14,237 [Worker-5: Loading available Gradle versions] INFO  o.e.b.c.i.u.g.PublishedGradleVersions - Gradle version information cache is out-of-date. Trying to update.
2025-01-17 09:01:44,460 [Worker-5: Building] INFO  o.a.m.s.f.DefaultMavenResourcesFiltering - Copying 1 resource from src\main\resources to target\classes
2025-01-17 09:01:44,473 [Worker-5: Building] INFO  o.a.m.s.f.DefaultMavenResourcesFiltering - Copying 1 resource from src\main\resources to target\classes
2025-01-17 09:01:44,477 [Worker-5: Building] INFO  o.a.m.s.f.DefaultMavenResourcesFiltering - skip non existing resourceDirectory C:\Users\isabe\Documents\CRUD-CONTROLE-DE-ESTOQUE\ControleDeEstoque\ControleDeEstoque\src\test\resources
2025-01-17 09:03:14,332 [Worker-12: Building] INFO  o.a.m.s.f.DefaultMavenResourcesFiltering - Copying 1 resource from src\main\resources to target\classes
2025-01-17 09:03:14,338 [Worker-12: Building] INFO  o.a.m.s.f.DefaultMavenResourcesFiltering - Copying 1 resource from src\main\resources to target\classes
2025-01-17 09:03:14,342 [Worker-12: Building] INFO  o.a.m.s.f.DefaultMavenResourcesFiltering - skip non existing resourceDirectory C:\Users\isabe\Documents\CRUD-CONTROLE-DE-ESTOQUE\ControleDeEstoque\ControleDeEstoque\src\test\resources
2025-01-17 09:03:37,364 [Worker-17: Building] INFO  o.a.m.s.f.DefaultMavenResourcesFiltering - Copying 1 resource from src\main\resources to target\classes
2025-01-17 09:03:37,369 [Worker-17: Building] INFO  o.a.m.s.f.DefaultMavenResourcesFiltering - Copying 1 resource from src\main\resources to target\classes
2025-01-17 09:03:37,372 [Worker-17: Building] INFO  o.a.m.s.f.DefaultMavenResourcesFiltering - skip non existing resourceDirectory C:\Users\isabe\Documents\CRUD-CONTROLE-DE-ESTOQUE\ControleDeEstoque\ControleDeEstoque\src\test\resources
2025-01-17 09:04:29,213 [Worker-15: Building] INFO  o.a.m.s.f.DefaultMavenResourcesFiltering - Copying 1 resource from src\main\resources to target\classes
2025-01-17 09:04:29,218 [Worker-15: Building] INFO  o.a.m.s.f.DefaultMavenResourcesFiltering - Copying 1 resource from src\main\resources to target\classes
2025-01-17 09:04:29,221 [Worker-15: Building] INFO  o.a.m.s.f.DefaultMavenResourcesFiltering - skip non existing resourceDirectory C:\Users\isabe\Documents\CRUD-CONTROLE-DE-ESTOQUE\ControleDeEstoque\ControleDeEstoque\src\test\resources
2025-01-17 09:06:53,114 [Start Help Server] INFO  org.eclipse.jetty.server.Server - jetty-12.0.15; built: 2024-11-05T19:44:57.623Z; git: 8281ae9740d4b4225e8166cc476bad237c70213a; jvm 21.0.5+11-LTS
2025-01-17 09:06:53,162 [Start Help Server] INFO  o.e.j.server.handler.ContextHandler - Started oeje8n.ContextHandler$CoreContextHandler@5f56b2f7{/help,/help,b=null,a=AVAILABLE,h=oeje8n.ContextHandler$CoreContextHandler$CoreToNestedHandler@6c703c50{STARTED}}
2025-01-17 09:06:53,163 [Start Help Server] INFO  o.e.j.s.DefaultSessionIdManager - Session workerName=node0
2025-01-17 09:06:53,185 [Start Help Server] INFO  o.e.jetty.server.AbstractConnector - Started ServerConnector@596c7c07{HTTP/1.1, (http/1.1)}{127.0.0.1:50984}
2025-01-17 09:06:53,203 [Start Help Server] INFO  org.eclipse.jetty.server.Server - Started oejs.Server@2f0edf56{STARTING}[12.0.15,sto=0] @531996ms
2025-01-17 09:07:51,928 [Worker-5: Building] INFO  o.a.m.s.f.DefaultMavenResourcesFiltering - Copying 1 resource from src\main\resources to target\classes
2025-01-17 09:07:51,938 [Worker-5: Building] INFO  o.a.m.s.f.DefaultMavenResourcesFiltering - Copying 1 resource from src\main\resources to target\classes
2025-01-17 09:07:51,942 [Worker-5: Building] INFO  o.a.m.s.f.DefaultMavenResourcesFiltering - skip non existing resourceDirectory C:\Users\isabe\Documents\CRUD-CONTROLE-DE-ESTOQUE\ControleDeEstoque\ControleDeEstoque\src\test\resources
2025-01-17 09:07:56,600 [Worker-18: Building] INFO  o.a.m.s.f.DefaultMavenResourcesFiltering - Copying 1 resource from src\main\resources to target\classes
2025-01-17 09:07:56,607 [Worker-18: Building] INFO  o.a.m.s.f.DefaultMavenResourcesFiltering - Copying 1 resource from src\main\resources to target\classes
2025-01-17 09:07:56,610 [Worker-18: Building] INFO  o.a.m.s.f.DefaultMavenResourcesFiltering - skip non existing resourceDirectory C:\Users\isabe\Documents\CRUD-CONTROLE-DE-ESTOQUE\ControleDeEstoque\ControleDeEstoque\src\test\resources
2025-01-17 09:10:03,944 [Worker-5: Building] INFO  o.a.m.s.f.DefaultMavenResourcesFiltering - Copying 1 resource from src\main\resources to target\classes
2025-01-17 09:10:03,950 [Worker-5: Building] INFO  o.a.m.s.f.DefaultMavenResourcesFiltering - Copying 1 resource from src\main\resources to target\classes
2025-01-17 09:10:03,952 [Worker-5: Building] INFO  o.a.m.s.f.DefaultMavenResourcesFiltering - skip non existing resourceDirectory C:\Users\isabe\Documents\CRUD-CONTROLE-DE-ESTOQUE\ControleDeEstoque\ControleDeEstoque\src\test\resources
2025-01-17 09:10:14,789 [Worker-8: Building] INFO  o.a.m.s.f.DefaultMavenResourcesFiltering - Copying 1 resource from src\main\resources to target\classes
2025-01-17 09:10:14,795 [Worker-8: Building] INFO  o.a.m.s.f.DefaultMavenResourcesFiltering - Copying 1 resource from src\main\resources to target\classes
2025-01-17 09:10:14,798 [Worker-8: Building] INFO  o.a.m.s.f.DefaultMavenResourcesFiltering - skip non existing resourceDirectory C:\Users\isabe\Documents\CRUD-CONTROLE-DE-ESTOQUE\ControleDeEstoque\ControleDeEstoque\src\test\resources
2025-01-17 09:12:53,650 [Worker-12: Building] INFO  o.a.m.s.f.DefaultMavenResourcesFiltering - Copying 1 resource from src\main\resources to target\classes
2025-01-17 09:12:53,657 [Worker-12: Building] INFO  o.a.m.s.f.DefaultMavenResourcesFiltering - Copying 1 resource from src\main\resources to target\classes
2025-01-17 09:12:53,658 [Worker-12: Building] INFO  o.a.m.s.f.DefaultMavenResourcesFiltering - skip non existing resourceDirectory C:\Users\isabe\Documents\CRUD-CONTROLE-DE-ESTOQUE\ControleDeEstoque\ControleDeEstoque\src\test\resources
2025-01-17 09:13:08,038 [Worker-12: Building] INFO  o.a.m.s.f.DefaultMavenResourcesFiltering - Copying 1 resource from src\main\resources to target\classes
2025-01-17 09:13:08,045 [Worker-12: Building] INFO  o.a.m.s.f.DefaultMavenResourcesFiltering - Copying 1 resource from src\main\resources to target\classes
2025-01-17 09:13:08,048 [Worker-12: Building] INFO  o.a.m.s.f.DefaultMavenResourcesFiltering - skip non existing resourceDirectory C:\Users\isabe\Documents\CRUD-CONTROLE-DE-ESTOQUE\ControleDeEstoque\ControleDeEstoque\src\test\resources
2025-01-17 09:13:15,263 [Worker-11: Building] INFO  o.a.m.s.f.DefaultMavenResourcesFiltering - Copying 1 resource from src\main\resources to target\classes
2025-01-17 09:13:15,276 [Worker-11: Building] INFO  o.a.m.s.f.DefaultMavenResourcesFiltering - Copying 1 resource from src\main\resources to target\classes
2025-01-17 09:13:15,279 [Worker-11: Building] INFO  o.a.m.s.f.DefaultMavenResourcesFiltering - skip non existing resourceDirectory C:\Users\isabe\Documents\CRUD-CONTROLE-DE-ESTOQUE\ControleDeEstoque\ControleDeEstoque\src\test\resources
2025-01-17 09:13:24,147 [Worker-5: Building] INFO  o.a.m.s.f.DefaultMavenResourcesFiltering - Copying 1 resource from src\main\resources to target\classes
2025-01-17 09:13:24,151 [Worker-5: Building] INFO  o.a.m.s.f.DefaultMavenResourcesFiltering - Copying 1 resource from src\main\resources to target\classes
2025-01-17 09:13:24,153 [Worker-5: Building] INFO  o.a.m.s.f.DefaultMavenResourcesFiltering - skip non existing resourceDirectory C:\Users\isabe\Documents\CRUD-CONTROLE-DE-ESTOQUE\ControleDeEstoque\ControleDeEstoque\src\test\resources
2025-01-17 09:13:56,206 [Worker-18: Building] INFO  o.a.m.s.f.DefaultMavenResourcesFiltering - Copying 1 resource from src\main\resources to target\classes
2025-01-17 09:13:56,211 [Worker-18: Building] INFO  o.a.m.s.f.DefaultMavenResourcesFiltering - Copying 1 resource from src\main\resources to target\classes
2025-01-17 09:13:56,213 [Worker-18: Building] INFO  o.a.m.s.f.DefaultMavenResourcesFiltering - skip non existing resourceDirectory C:\Users\isabe\Documents\CRUD-CONTROLE-DE-ESTOQUE\ControleDeEstoque\ControleDeEstoque\src\test\resources
2025-01-17 09:14:27,025 [Worker-11: Building] INFO  o.a.m.s.f.DefaultMavenResourcesFiltering - Copying 1 resource from src\main\resources to target\classes
2025-01-17 09:14:27,031 [Worker-11: Building] INFO  o.a.m.s.f.DefaultMavenResourcesFiltering - Copying 1 resource from src\main\resources to target\classes
2025-01-17 09:14:27,033 [Worker-11: Building] INFO  o.a.m.s.f.DefaultMavenResourcesFiltering - skip non existing resourceDirectory C:\Users\isabe\Documents\CRUD-CONTROLE-DE-ESTOQUE\ControleDeEstoque\ControleDeEstoque\src\test\resources
2025-01-17 09:14:37,061 [Worker-15: Building] INFO  o.a.m.s.f.DefaultMavenResourcesFiltering - Copying 1 resource from src\main\resources to target\classes
2025-01-17 09:14:37,066 [Worker-15: Building] INFO  o.a.m.s.f.DefaultMavenResourcesFiltering - Copying 1 resource from src\main\resources to target\classes
2025-01-17 09:14:37,068 [Worker-15: Building] INFO  o.a.m.s.f.DefaultMavenResourcesFiltering - skip non existing resourceDirectory C:\Users\isabe\Documents\CRUD-CONTROLE-DE-ESTOQUE\ControleDeEstoque\ControleDeEstoque\src\test\resources
2025-01-17 09:14:44,441 [Worker-5: Building] INFO  o.a.m.s.f.DefaultMavenResourcesFiltering - Copying 1 resource from src\main\resources to target\classes
2025-01-17 09:14:44,445 [Worker-5: Building] INFO  o.a.m.s.f.DefaultMavenResourcesFiltering - Copying 1 resource from src\main\resources to target\classes
2025-01-17 09:14:44,447 [Worker-5: Building] INFO  o.a.m.s.f.DefaultMavenResourcesFiltering - skip non existing resourceDirectory C:\Users\isabe\Documents\CRUD-CONTROLE-DE-ESTOQUE\ControleDeEstoque\ControleDeEstoque\src\test\resources
2025-01-17 09:14:52,874 [Worker-5: Building] INFO  o.a.m.s.f.DefaultMavenResourcesFiltering - Copying 1 resource from src\main\resources to target\classes
2025-01-17 09:14:52,880 [Worker-5: Building] INFO  o.a.m.s.f.DefaultMavenResourcesFiltering - Copying 1 resource from src\main\resources to target\classes
2025-01-17 09:14:52,882 [Worker-5: Building] INFO  o.a.m.s.f.DefaultMavenResourcesFiltering - skip non existing resourceDirectory C:\Users\isabe\Documents\CRUD-CONTROLE-DE-ESTOQUE\ControleDeEstoque\ControleDeEstoque\src\test\resources
2025-01-17 09:15:30,250 [Worker-8: Building] INFO  o.a.m.s.f.DefaultMavenResourcesFiltering - Copying 1 resource from src\main\resources to target\classes
2025-01-17 09:15:30,257 [Worker-8: Building] INFO  o.a.m.s.f.DefaultMavenResourcesFiltering - Copying 1 resource from src\main\resources to target\classes
2025-01-17 09:15:30,258 [Worker-8: Building] INFO  o.a.m.s.f.DefaultMavenResourcesFiltering - skip non existing resourceDirectory C:\Users\isabe\Documents\CRUD-CONTROLE-DE-ESTOQUE\ControleDeEstoque\ControleDeEstoque\src\test\resources
2025-01-17 09:18:59,866 [Worker-16: Building] INFO  o.a.m.s.f.DefaultMavenResourcesFiltering - Copying 1 resource from src\main\resources to target\classes
2025-01-17 09:18:59,887 [Worker-16: Building] INFO  o.a.m.s.f.DefaultMavenResourcesFiltering - Copying 1 resource from src\main\resources to target\classes
2025-01-17 09:18:59,889 [Worker-16: Building] INFO  o.a.m.s.f.DefaultMavenResourcesFiltering - skip non existing resourceDirectory C:\Users\isabe\Documents\CRUD-CONTROLE-DE-ESTOQUE\ControleDeEstoque\ControleDeEstoque\src\test\resources
2025-01-17 09:19:10,752 [Worker-18: Building] INFO  o.a.m.s.f.DefaultMavenResourcesFiltering - Copying 1 resource from src\main\resources to target\classes
2025-01-17 09:19:10,769 [Worker-18: Building] INFO  o.a.m.s.f.DefaultMavenResourcesFiltering - Copying 1 resource from src\main\resources to target\classes
2025-01-17 09:19:10,771 [Worker-18: Building] INFO  o.a.m.s.f.DefaultMavenResourcesFiltering - skip non existing resourceDirectory C:\Users\isabe\Documents\CRUD-CONTROLE-DE-ESTOQUE\ControleDeEstoque\ControleDeEstoque\src\test\resources
2025-01-17 09:20:10,800 [Worker-19: Building] INFO  o.a.m.s.f.DefaultMavenResourcesFiltering - Copying 1 resource from src\main\resources to target\classes
2025-01-17 09:20:10,817 [Worker-19: Building] INFO  o.a.m.s.f.DefaultMavenResourcesFiltering - Copying 1 resource from src\main\resources to target\classes
2025-01-17 09:20:10,820 [Worker-19: Building] INFO  o.a.m.s.f.DefaultMavenResourcesFiltering - skip non existing resourceDirectory C:\Users\isabe\Documents\CRUD-CONTROLE-DE-ESTOQUE\ControleDeEstoque\ControleDeEstoque\src\test\resources
2025-01-17 09:39:52,453 [Stop Help Server] INFO  org.eclipse.jetty.server.Server - Stopped oejs.Server@2f0edf56{STOPPING}[12.0.15,sto=0]
2025-01-17 09:39:52,467 [Stop Help Server] INFO  o.e.jetty.server.AbstractConnector - Stopped ServerConnector@596c7c07{HTTP/1.1, (http/1.1)}{127.0.0.1:0}
2025-01-20 11:29:02,141 [Worker-5: Loading available Gradle versions] INFO  o.e.b.c.i.u.g.PublishedGradleVersions - Gradle version information cache is out-of-date. Trying to update.
2025-01-20 11:30:47,337 [Worker-15: Building] INFO  o.a.m.s.f.DefaultMavenResourcesFiltering - Copying 1 resource from src\main\resources to target\classes
2025-01-20 11:30:47,349 [Worker-15: Building] INFO  o.a.m.s.f.DefaultMavenResourcesFiltering - Copying 1 resource from src\main\resources to target\classes
2025-01-20 11:30:47,353 [Worker-15: Building] INFO  o.a.m.s.f.DefaultMavenResourcesFiltering - skip non existing resourceDirectory C:\Users\isabe\Documents\CRUD-CONTROLE-DE-ESTOQUE\ControleDeEstoque\ControleDeEstoque\src\test\resources
2025-01-21 01:12:13,501 [Worker-4: Loading available Gradle versions] INFO  o.e.b.c.i.u.g.PublishedGradleVersions - Gradle version information cache is up-to-date. Trying to read.
2025-01-21 01:13:18,492 [Start Help Server] INFO  org.eclipse.jetty.server.Server - jetty-12.0.15; built: 2024-11-05T19:44:57.623Z; git: 8281ae9740d4b4225e8166cc476bad237c70213a; jvm 21.0.5+11-LTS
2025-01-21 01:13:18,540 [Start Help Server] INFO  o.e.j.server.handler.ContextHandler - Started oeje8n.ContextHandler$CoreContextHandler@2e986a24{/help,/help,b=null,a=AVAILABLE,h=oeje8n.ContextHandler$CoreContextHandler$CoreToNestedHandler@2704aac8{STARTED}}
2025-01-21 01:13:18,541 [Start Help Server] INFO  o.e.j.s.DefaultSessionIdManager - Session workerName=node0
2025-01-21 01:13:18,558 [Start Help Server] INFO  o.e.jetty.server.AbstractConnector - Started ServerConnector@256c0c2f{HTTP/1.1, (http/1.1)}{127.0.0.1:63102}
2025-01-21 01:13:18,572 [Start Help Server] INFO  org.eclipse.jetty.server.Server - Started oejs.Server@5c81d47{STARTING}[12.0.15,sto=0] @76343ms
2025-01-21 01:13:34,444 [Worker-3: Building] INFO  o.a.m.s.f.DefaultMavenResourcesFiltering - Copying 1 resource from src\main\resources to target\classes
2025-01-21 01:13:34,458 [Worker-3: Building] INFO  o.a.m.s.f.DefaultMavenResourcesFiltering - Copying 1 resource from src\main\resources to target\classes
2025-01-21 01:13:34,464 [Worker-3: Building] INFO  o.a.m.s.f.DefaultMavenResourcesFiltering - skip non existing resourceDirectory C:\Users\isabe\Documents\CRUD-CONTROLE-DE-ESTOQUE\ControleDeEstoque\ControleDeEstoque\src\test\resources
2025-01-21 01:14:44,078 [Worker-3: Building] INFO  o.a.m.s.f.DefaultMavenResourcesFiltering - Copying 1 resource from src\main\resources to target\classes
2025-01-21 01:14:44,088 [Worker-3: Building] INFO  o.a.m.s.f.DefaultMavenResourcesFiltering - Copying 1 resource from src\main\resources to target\classes
2025-01-21 01:14:44,093 [Worker-3: Building] INFO  o.a.m.s.f.DefaultMavenResourcesFiltering - skip non existing resourceDirectory C:\Users\isabe\Documents\CRUD-CONTROLE-DE-ESTOQUE\ControleDeEstoque\ControleDeEstoque\src\test\resources
2025-01-21 01:14:46,599 [Worker-12: Building] INFO  o.a.m.s.f.DefaultMavenResourcesFiltering - Copying 1 resource from src\main\resources to target\classes
2025-01-21 01:14:46,604 [Worker-12: Building] INFO  o.a.m.s.f.DefaultMavenResourcesFiltering - Copying 1 resource from src\main\resources to target\classes
2025-01-21 01:14:46,607 [Worker-12: Building] INFO  o.a.m.s.f.DefaultMavenResourcesFiltering - skip non existing resourceDirectory C:\Users\isabe\Documents\CRUD-CONTROLE-DE-ESTOQUE\ControleDeEstoque\ControleDeEstoque\src\test\resources
2025-01-21 01:14:48,492 [Worker-3: Building] INFO  o.a.m.s.f.DefaultMavenResourcesFiltering - Copying 1 resource from src\main\resources to target\classes
2025-01-21 01:14:48,497 [Worker-3: Building] INFO  o.a.m.s.f.DefaultMavenResourcesFiltering - Copying 1 resource from src\main\resources to target\classes
2025-01-21 01:14:48,499 [Worker-3: Building] INFO  o.a.m.s.f.DefaultMavenResourcesFiltering - skip non existing resourceDirectory C:\Users\isabe\Documents\CRUD-CONTROLE-DE-ESTOQUE\ControleDeEstoque\ControleDeEstoque\src\test\resources
2025-01-21 01:16:21,357 [Worker-7: Building] INFO  o.a.m.s.f.DefaultMavenResourcesFiltering - Copying 1 resource from src\main\resources to target\classes
2025-01-21 01:16:21,363 [Worker-7: Building] INFO  o.a.m.s.f.DefaultMavenResourcesFiltering - Copying 1 resource from src\main\resources to target\classes
2025-01-21 01:16:21,367 [Worker-7: Building] INFO  o.a.m.s.f.DefaultMavenResourcesFiltering - skip non existing resourceDirectory C:\Users\isabe\Documents\CRUD-CONTROLE-DE-ESTOQUE\ControleDeEstoque\ControleDeEstoque\src\test\resources
2025-01-21 01:16:23,741 [Worker-13: Building] INFO  o.a.m.s.f.DefaultMavenResourcesFiltering - Copying 1 resource from src\main\resources to target\classes
2025-01-21 01:16:23,745 [Worker-13: Building] INFO  o.a.m.s.f.DefaultMavenResourcesFiltering - Copying 1 resource from src\main\resources to target\classes
2025-01-21 01:16:23,747 [Worker-13: Building] INFO  o.a.m.s.f.DefaultMavenResourcesFiltering - skip non existing resourceDirectory C:\Users\isabe\Documents\CRUD-CONTROLE-DE-ESTOQUE\ControleDeEstoque\ControleDeEstoque\src\test\resources
2025-01-21 01:18:42,006 [Stop Help Server] INFO  org.eclipse.jetty.server.Server - Stopped oejs.Server@5c81d47{STOPPING}[12.0.15,sto=0]
2025-01-21 01:18:42,011 [Stop Help Server] INFO  o.e.jetty.server.AbstractConnector - Stopped ServerConnector@256c0c2f{HTTP/1.1, (http/1.1)}{127.0.0.1:0}
2025-01-21 01:18:52,425 [Worker-7: Loading available Gradle versions] INFO  o.e.b.c.i.u.g.PublishedGradleVersions - Gradle version information cache is up-to-date. Trying to read.
2025-01-21 01:19:39,839 [Worker-3: Building] INFO  o.a.m.s.f.DefaultMavenResourcesFiltering - Copying 1 resource from src\main\resources to target\classes
2025-01-21 01:19:39,855 [Worker-3: Building] INFO  o.a.m.s.f.DefaultMavenResourcesFiltering - Copying 1 resource from src\main\resources to target\classes
2025-01-21 01:19:39,863 [Worker-3: Building] INFO  o.a.m.s.f.DefaultMavenResourcesFiltering - skip non existing resourceDirectory C:\Users\isabe\Documents\CRUD-CONTROLE-DE-ESTOQUE\ControleDeEstoque\ControleDeEstoque\src\test\resources
2025-01-21 01:19:41,176 [Worker-0: Building] INFO  o.a.m.s.f.DefaultMavenResourcesFiltering - Copying 1 resource from src\main\resources to target\classes
2025-01-21 01:19:41,180 [Worker-0: Building] INFO  o.a.m.s.f.DefaultMavenResourcesFiltering - Copying 1 resource from src\main\resources to target\classes
2025-01-21 01:19:41,182 [Worker-0: Building] INFO  o.a.m.s.f.DefaultMavenResourcesFiltering - skip non existing resourceDirectory C:\Users\isabe\Documents\CRUD-CONTROLE-DE-ESTOQUE\ControleDeEstoque\ControleDeEstoque\src\test\resources
2025-01-21 01:20:17,389 [Worker-5: Building] INFO  o.a.m.s.f.DefaultMavenResourcesFiltering - Copying 1 resource from src\main\resources to target\classes
2025-01-21 01:20:17,393 [Worker-5: Building] INFO  o.a.m.s.f.DefaultMavenResourcesFiltering - Copying 1 resource from src\main\resources to target\classes
2025-01-21 01:20:17,396 [Worker-5: Building] INFO  o.a.m.s.f.DefaultMavenResourcesFiltering - skip non existing resourceDirectory C:\Users\isabe\Documents\CRUD-CONTROLE-DE-ESTOQUE\ControleDeEstoque\ControleDeEstoque\src\test\resources
2025-01-21 01:20:32,559 [Worker-15: Building] INFO  o.a.m.s.f.DefaultMavenResourcesFiltering - Copying 1 resource from src\main\resources to target\classes
2025-01-21 01:20:32,563 [Worker-15: Building] INFO  o.a.m.s.f.DefaultMavenResourcesFiltering - Copying 1 resource from src\main\resources to target\classes
2025-01-21 01:20:32,566 [Worker-15: Building] INFO  o.a.m.s.f.DefaultMavenResourcesFiltering - skip non existing resourceDirectory C:\Users\isabe\Documents\CRUD-CONTROLE-DE-ESTOQUE\ControleDeEstoque\ControleDeEstoque\src\test\resources
2025-01-21 01:21:05,093 [Worker-0: Building] INFO  o.a.m.s.f.DefaultMavenResourcesFiltering - Copying 1 resource from src\main\resources to target\classes
2025-01-21 01:21:05,097 [Worker-0: Building] INFO  o.a.m.s.f.DefaultMavenResourcesFiltering - Copying 1 resource from src\main\resources to target\classes
2025-01-21 01:21:05,099 [Worker-0: Building] INFO  o.a.m.s.f.DefaultMavenResourcesFiltering - skip non existing resourceDirectory C:\Users\isabe\Documents\CRUD-CONTROLE-DE-ESTOQUE\ControleDeEstoque\ControleDeEstoque\src\test\resources
2025-01-21 01:21:40,552 [Worker-16: Building] INFO  o.a.m.s.f.DefaultMavenResourcesFiltering - Copying 1 resource from src\main\resources to target\classes
2025-01-21 01:21:40,558 [Worker-16: Building] INFO  o.a.m.s.f.DefaultMavenResourcesFiltering - Copying 1 resource from src\main\resources to target\classes
2025-01-21 01:21:40,560 [Worker-16: Building] INFO  o.a.m.s.f.DefaultMavenResourcesFiltering - skip non existing resourceDirectory C:\Users\isabe\Documents\CRUD-CONTROLE-DE-ESTOQUE\ControleDeEstoque\ControleDeEstoque\src\test\resources
2025-01-21 01:22:53,104 [Worker-3: Building] INFO  o.a.m.s.f.DefaultMavenResourcesFiltering - Copying 1 resource from src\main\resources to target\classes
2025-01-21 01:22:53,110 [Worker-3: Building] INFO  o.a.m.s.f.DefaultMavenResourcesFiltering - Copying 1 resource from src\main\resources to target\classes
2025-01-21 01:22:53,112 [Worker-3: Building] INFO  o.a.m.s.f.DefaultMavenResourcesFiltering - skip non existing resourceDirectory C:\Users\isabe\Documents\CRUD-CONTROLE-DE-ESTOQUE\ControleDeEstoque\ControleDeEstoque\src\test\resources
2025-01-22 10:32:46,827 [Worker-1: Loading available Gradle versions] INFO  o.e.b.c.i.u.g.PublishedGradleVersions - Gradle version information cache is out-of-date. Trying to update.
2025-01-22 11:04:23,137 [Worker-4: Loading available Gradle versions] INFO  o.e.b.c.i.u.g.PublishedGradleVersions - Gradle version information cache is up-to-date. Trying to read.
2025-01-22 11:04:50,713 [Start Help Server] INFO  org.eclipse.jetty.server.Server - jetty-12.0.15; built: 2024-11-05T19:44:57.623Z; git: 8281ae9740d4b4225e8166cc476bad237c70213a; jvm 21.0.5+11-LTS
2025-01-22 11:04:50,754 [Start Help Server] INFO  o.e.j.server.handler.ContextHandler - Started oeje8n.ContextHandler$CoreContextHandler@6027c483{/help,/help,b=null,a=AVAILABLE,h=oeje8n.ContextHandler$CoreContextHandler$CoreToNestedHandler@5ad37250{STARTED}}
2025-01-22 11:04:50,755 [Start Help Server] INFO  o.e.j.s.DefaultSessionIdManager - Session workerName=node0
2025-01-22 11:04:50,799 [Start Help Server] INFO  o.e.jetty.server.AbstractConnector - Started ServerConnector@39e38ae5{HTTP/1.1, (http/1.1)}{127.0.0.1:54982}
2025-01-22 11:04:50,815 [Start Help Server] INFO  org.eclipse.jetty.server.Server - Started oejs.Server@2ba4d102{STARTING}[12.0.15,sto=0] @68663ms
2025-01-22 11:05:59,949 [Worker-9: Building] INFO  o.a.m.s.f.DefaultMavenResourcesFiltering - Copying 1 resource from src\main\resources to target\classes
2025-01-22 11:05:59,964 [Worker-9: Building] INFO  o.a.m.s.f.DefaultMavenResourcesFiltering - Copying 1 resource from src\main\resources to target\classes
2025-01-22 11:05:59,979 [Worker-9: Building] INFO  o.a.m.s.f.DefaultMavenResourcesFiltering - skip non existing resourceDirectory C:\Users\isabe\Documents\CRUD-CONTROLE-DE-ESTOQUE\ControleDeEstoque\ControleDeEstoque\src\test\resources
2025-01-22 11:06:07,887 [Worker-0: Building] INFO  o.a.m.s.f.DefaultMavenResourcesFiltering - Copying 1 resource from src\main\resources to target\classes
2025-01-22 11:06:07,894 [Worker-0: Building] INFO  o.a.m.s.f.DefaultMavenResourcesFiltering - Copying 1 resource from src\main\resources to target\classes
2025-01-22 11:06:07,898 [Worker-0: Building] INFO  o.a.m.s.f.DefaultMavenResourcesFiltering - skip non existing resourceDirectory C:\Users\isabe\Documents\CRUD-CONTROLE-DE-ESTOQUE\ControleDeEstoque\ControleDeEstoque\src\test\resources
2025-01-22 11:07:15,259 [Worker-0: Building] INFO  o.a.m.s.f.DefaultMavenResourcesFiltering - Copying 1 resource from src\main\resources to target\classes
2025-01-22 11:07:15,263 [Worker-0: Building] INFO  o.a.m.s.f.DefaultMavenResourcesFiltering - Copying 1 resource from src\main\resources to target\classes
2025-01-22 11:07:15,265 [Worker-0: Building] INFO  o.a.m.s.f.DefaultMavenResourcesFiltering - skip non existing resourceDirectory C:\Users\isabe\Documents\CRUD-CONTROLE-DE-ESTOQUE\ControleDeEstoque\ControleDeEstoque\src\test\resources
2025-01-22 11:07:33,278 [Worker-8: Building] INFO  o.a.m.s.f.DefaultMavenResourcesFiltering - Copying 1 resource from src\main\resources to target\classes
2025-01-22 11:07:33,283 [Worker-8: Building] INFO  o.a.m.s.f.DefaultMavenResourcesFiltering - Copying 1 resource from src\main\resources to target\classes
2025-01-22 11:07:33,287 [Worker-8: Building] INFO  o.a.m.s.f.DefaultMavenResourcesFiltering - skip non existing resourceDirectory C:\Users\isabe\Documents\CRUD-CONTROLE-DE-ESTOQUE\ControleDeEstoque\ControleDeEstoque\src\test\resources
2025-01-22 11:09:19,044 [Worker-4: Building] INFO  o.a.m.s.f.DefaultMavenResourcesFiltering - Copying 1 resource from src\main\resources to target\classes
2025-01-22 11:09:19,049 [Worker-4: Building] INFO  o.a.m.s.f.DefaultMavenResourcesFiltering - Copying 1 resource from src\main\resources to target\classes
2025-01-22 11:09:19,051 [Worker-4: Building] INFO  o.a.m.s.f.DefaultMavenResourcesFiltering - skip non existing resourceDirectory C:\Users\isabe\Documents\CRUD-CONTROLE-DE-ESTOQUE\ControleDeEstoque\ControleDeEstoque\src\test\resources
2025-01-22 11:10:43,679 [Worker-1: Building] INFO  o.a.m.s.f.DefaultMavenResourcesFiltering - Copying 1 resource from src\main\resources to target\classes
2025-01-22 11:10:43,684 [Worker-1: Building] INFO  o.a.m.s.f.DefaultMavenResourcesFiltering - Copying 1 resource from src\main\resources to target\classes
2025-01-22 11:10:43,686 [Worker-1: Building] INFO  o.a.m.s.f.DefaultMavenResourcesFiltering - skip non existing resourceDirectory C:\Users\isabe\Documents\CRUD-CONTROLE-DE-ESTOQUE\ControleDeEstoque\ControleDeEstoque\src\test\resources
2025-01-22 11:12:38,011 [Worker-8: Building] INFO  o.a.m.s.f.DefaultMavenResourcesFiltering - Copying 1 resource from src\main\resources to target\classes
2025-01-22 11:12:38,022 [Worker-8: Building] INFO  o.a.m.s.f.DefaultMavenResourcesFiltering - Copying 1 resource from src\main\resources to target\classes
2025-01-22 11:12:38,026 [Worker-8: Building] INFO  o.a.m.s.f.DefaultMavenResourcesFiltering - skip non existing resourceDirectory C:\Users\isabe\Documents\CRUD-CONTROLE-DE-ESTOQUE\ControleDeEstoque\ControleDeEstoque\src\test\resources
2025-01-22 11:16:29,870 [Worker-8: Building] INFO  o.a.m.s.f.DefaultMavenResourcesFiltering - Copying 1 resource from src\main\resources to target\classes
2025-01-22 11:16:29,876 [Worker-8: Building] INFO  o.a.m.s.f.DefaultMavenResourcesFiltering - Copying 1 resource from src\main\resources to target\classes
2025-01-22 11:16:29,879 [Worker-8: Building] INFO  o.a.m.s.f.DefaultMavenResourcesFiltering - skip non existing resourceDirectory C:\Users\isabe\Documents\CRUD-CONTROLE-DE-ESTOQUE\ControleDeEstoque\ControleDeEstoque\src\test\resources
2025-01-22 11:18:36,906 [Worker-5: Building] INFO  o.a.m.s.f.DefaultMavenResourcesFiltering - Copying 1 resource from src\main\resources to target\classes
2025-01-22 11:18:36,913 [Worker-5: Building] INFO  o.a.m.s.f.DefaultMavenResourcesFiltering - Copying 1 resource from src\main\resources to target\classes
2025-01-22 11:18:36,916 [Worker-5: Building] INFO  o.a.m.s.f.DefaultMavenResourcesFiltering - skip non existing resourceDirectory C:\Users\isabe\Documents\CRUD-CONTROLE-DE-ESTOQUE\ControleDeEstoque\ControleDeEstoque\src\test\resources
2025-01-22 11:19:04,458 [Worker-1: Building] INFO  o.a.m.s.f.DefaultMavenResourcesFiltering - Copying 1 resource from src\main\resources to target\classes
2025-01-22 11:19:04,469 [Worker-1: Building] INFO  o.a.m.s.f.DefaultMavenResourcesFiltering - Copying 1 resource from src\main\resources to target\classes
2025-01-22 11:19:04,471 [Worker-1: Building] INFO  o.a.m.s.f.DefaultMavenResourcesFiltering - skip non existing resourceDirectory C:\Users\isabe\Documents\CRUD-CONTROLE-DE-ESTOQUE\ControleDeEstoque\ControleDeEstoque\src\test\resources
2025-01-22 11:19:16,567 [Worker-12: Building] INFO  o.a.m.s.f.DefaultMavenResourcesFiltering - Copying 1 resource from src\main\resources to target\classes
2025-01-22 11:19:16,573 [Worker-12: Building] INFO  o.a.m.s.f.DefaultMavenResourcesFiltering - Copying 1 resource from src\main\resources to target\classes
2025-01-22 11:19:16,575 [Worker-12: Building] INFO  o.a.m.s.f.DefaultMavenResourcesFiltering - skip non existing resourceDirectory C:\Users\isabe\Documents\CRUD-CONTROLE-DE-ESTOQUE\ControleDeEstoque\ControleDeEstoque\src\test\resources
2025-01-22 11:19:28,063 [Worker-1: Building] INFO  o.a.m.s.f.DefaultMavenResourcesFiltering - Copying 1 resource from src\main\resources to target\classes
2025-01-22 11:19:28,066 [Worker-1: Building] INFO  o.a.m.s.f.DefaultMavenResourcesFiltering - Copying 1 resource from src\main\resources to target\classes
2025-01-22 11:19:28,068 [Worker-1: Building] INFO  o.a.m.s.f.DefaultMavenResourcesFiltering - skip non existing resourceDirectory C:\Users\isabe\Documents\CRUD-CONTROLE-DE-ESTOQUE\ControleDeEstoque\ControleDeEstoque\src\test\resources
2025-01-22 11:22:56,704 [Worker-1: Building] INFO  o.a.m.s.f.DefaultMavenResourcesFiltering - Copying 1 resource from src\main\resources to target\classes
2025-01-22 11:22:56,710 [Worker-1: Building] INFO  o.a.m.s.f.DefaultMavenResourcesFiltering - Copying 1 resource from src\main\resources to target\classes
2025-01-22 11:22:56,712 [Worker-1: Building] INFO  o.a.m.s.f.DefaultMavenResourcesFiltering - skip non existing resourceDirectory C:\Users\isabe\Documents\CRUD-CONTROLE-DE-ESTOQUE\ControleDeEstoque\ControleDeEstoque\src\test\resources
2025-01-22 11:23:57,045 [Worker-15: Building] INFO  o.a.m.s.f.DefaultMavenResourcesFiltering - Copying 1 resource from src\main\resources to target\classes
2025-01-22 11:23:57,049 [Worker-15: Building] INFO  o.a.m.s.f.DefaultMavenResourcesFiltering - Copying 1 resource from src\main\resources to target\classes
2025-01-22 11:23:57,051 [Worker-15: Building] INFO  o.a.m.s.f.DefaultMavenResourcesFiltering - skip non existing resourceDirectory C:\Users\isabe\Documents\CRUD-CONTROLE-DE-ESTOQUE\ControleDeEstoque\ControleDeEstoque\src\test\resources
2025-01-22 11:23:58,900 [Worker-14: Building] INFO  o.a.m.s.f.DefaultMavenResourcesFiltering - Copying 1 resource from src\main\resources to target\classes
2025-01-22 11:23:58,904 [Worker-14: Building] INFO  o.a.m.s.f.DefaultMavenResourcesFiltering - Copying 1 resource from src\main\resources to target\classes
2025-01-22 11:23:58,905 [Worker-14: Building] INFO  o.a.m.s.f.DefaultMavenResourcesFiltering - skip non existing resourceDirectory C:\Users\isabe\Documents\CRUD-CONTROLE-DE-ESTOQUE\ControleDeEstoque\ControleDeEstoque\src\test\resources
2025-01-22 11:24:23,551 [Worker-16: Building] INFO  o.a.m.s.f.DefaultMavenResourcesFiltering - Copying 1 resource from src\main\resources to target\classes
2025-01-22 11:24:23,555 [Worker-16: Building] INFO  o.a.m.s.f.DefaultMavenResourcesFiltering - Copying 1 resource from src\main\resources to target\classes
2025-01-22 11:24:23,556 [Worker-16: Building] INFO  o.a.m.s.f.DefaultMavenResourcesFiltering - skip non existing resourceDirectory C:\Users\isabe\Documents\CRUD-CONTROLE-DE-ESTOQUE\ControleDeEstoque\ControleDeEstoque\src\test\resources
2025-01-22 11:25:26,218 [Worker-14: Building] INFO  o.a.m.s.f.DefaultMavenResourcesFiltering - Copying 1 resource from src\main\resources to target\classes
2025-01-22 11:25:26,222 [Worker-14: Building] INFO  o.a.m.s.f.DefaultMavenResourcesFiltering - Copying 1 resource from src\main\resources to target\classes
2025-01-22 11:25:26,223 [Worker-14: Building] INFO  o.a.m.s.f.DefaultMavenResourcesFiltering - skip non existing resourceDirectory C:\Users\isabe\Documents\CRUD-CONTROLE-DE-ESTOQUE\ControleDeEstoque\ControleDeEstoque\src\test\resources
2025-01-22 11:26:00,890 [Worker-1: Building] INFO  o.a.m.s.f.DefaultMavenResourcesFiltering - Copying 1 resource from src\main\resources to target\classes
2025-01-22 11:26:00,894 [Worker-1: Building] INFO  o.a.m.s.f.DefaultMavenResourcesFiltering - Copying 1 resource from src\main\resources to target\classes
2025-01-22 11:26:00,897 [Worker-1: Building] INFO  o.a.m.s.f.DefaultMavenResourcesFiltering - skip non existing resourceDirectory C:\Users\isabe\Documents\CRUD-CONTROLE-DE-ESTOQUE\ControleDeEstoque\ControleDeEstoque\src\test\resources
2025-01-22 11:35:52,404 [Worker-0: Building] INFO  o.a.m.s.f.DefaultMavenResourcesFiltering - Copying 1 resource from src\main\resources to target\classes
2025-01-22 11:35:52,434 [Worker-0: Building] INFO  o.a.m.s.f.DefaultMavenResourcesFiltering - Copying 1 resource from src\main\resources to target\classes
2025-01-22 11:35:52,437 [Worker-0: Building] INFO  o.a.m.s.f.DefaultMavenResourcesFiltering - skip non existing resourceDirectory C:\Users\isabe\Documents\CRUD-CONTROLE-DE-ESTOQUE\ControleDeEstoque\ControleDeEstoque\src\test\resources
2025-01-22 11:49:48,766 [Worker-24: Building] INFO  o.a.m.s.f.DefaultMavenResourcesFiltering - Copying 1 resource from src\main\resources to target\classes
2025-01-22 11:49:48,819 [Worker-24: Building] INFO  o.a.m.s.f.DefaultMavenResourcesFiltering - Copying 1 resource from src\main\resources to target\classes
2025-01-22 11:49:48,821 [Worker-24: Building] INFO  o.a.m.s.f.DefaultMavenResourcesFiltering - skip non existing resourceDirectory C:\Users\isabe\Documents\CRUD-CONTROLE-DE-ESTOQUE\ControleDeEstoque\ControleDeEstoque\src\test\resources
2025-01-22 11:52:42,043 [Worker-28: Building] INFO  o.a.m.s.f.DefaultMavenResourcesFiltering - Copying 1 resource from src\main\resources to target\classes
2025-01-22 11:52:42,061 [Worker-28: Building] INFO  o.a.m.s.f.DefaultMavenResourcesFiltering - Copying 1 resource from src\main\resources to target\classes
2025-01-22 11:52:42,064 [Worker-28: Building] INFO  o.a.m.s.f.DefaultMavenResourcesFiltering - skip non existing resourceDirectory C:\Users\isabe\Documents\CRUD-CONTROLE-DE-ESTOQUE\ControleDeEstoque\ControleDeEstoque\src\test\resources
2025-01-22 11:58:44,236 [Worker-26: Building] INFO  o.a.m.s.f.DefaultMavenResourcesFiltering - Copying 1 resource from src\main\resources to target\classes
2025-01-22 11:58:44,246 [Worker-26: Building] INFO  o.a.m.s.f.DefaultMavenResourcesFiltering - Copying 1 resource from src\main\resources to target\classes
2025-01-22 11:58:44,248 [Worker-26: Building] INFO  o.a.m.s.f.DefaultMavenResourcesFiltering - skip non existing resourceDirectory C:\Users\isabe\Documents\CRUD-CONTROLE-DE-ESTOQUE\ControleDeEstoque\ControleDeEstoque\src\test\resources
2025-01-22 12:00:35,188 [Worker-26: Building] INFO  o.a.m.s.f.DefaultMavenResourcesFiltering - Copying 1 resource from src\main\resources to target\classes
2025-01-22 12:00:35,211 [Worker-26: Building] INFO  o.a.m.s.f.DefaultMavenResourcesFiltering - Copying 1 resource from src\main\resources to target\classes
2025-01-22 12:00:35,213 [Worker-26: Building] INFO  o.a.m.s.f.DefaultMavenResourcesFiltering - skip non existing resourceDirectory C:\Users\isabe\Documents\CRUD-CONTROLE-DE-ESTOQUE\ControleDeEstoque\ControleDeEstoque\src\test\resources
2025-01-22 12:06:37,133 [Worker-20: Building] INFO  o.a.m.s.f.DefaultMavenResourcesFiltering - Copying 1 resource from src\main\resources to target\classes
2025-01-22 12:06:37,145 [Worker-20: Building] INFO  o.a.m.s.f.DefaultMavenResourcesFiltering - Copying 1 resource from src\main\resources to target\classes
2025-01-22 12:06:37,148 [Worker-20: Building] INFO  o.a.m.s.f.DefaultMavenResourcesFiltering - skip non existing resourceDirectory C:\Users\isabe\Documents\CRUD-CONTROLE-DE-ESTOQUE\ControleDeEstoque\ControleDeEstoque\src\test\resources
